#
# There is insufficient memory for the Java Runtime Environment to continue.
# Native memory allocation (malloc) failed to allocate 261376 bytes for Chunk::new
# Possible reasons:
#   The system is out of physical RAM or swap space
#   The process is running with CompressedOops enabled, and the Java Heap may be blocking the growth of the native heap
# Possible solutions:
#   Reduce memory load on the system
#   Increase physical memory or swap space
#   Check if swap backing store is full
#   Decrease Java heap size (-Xmx/-Xms)
#   Decrease number of Java threads
#   Decrease Java thread stack sizes (-Xss)
#   Set larger code cache with -XX:ReservedCodeCacheSize=
#   JVM is running with Unscaled Compressed Oops mode in which the Java heap is
#     placed in the first 4GB address space. The Java Heap base address is the
#     maximum limit for the native heap growth. Please use -XX:HeapBaseMinAddress
#     to set the Java Heap base and to place the Java Heap above 4GB virtual address.
# This output file may be truncated or incomplete.
#
#  Out of Memory Error (arena.cpp:189), pid=18160, tid=20580
#
# JRE version: Java(TM) SE Runtime Environment (17.0+35) (build 17+35-LTS-2724)
# Java VM: Java HotSpot(TM) 64-Bit Server VM (17+35-LTS-2724, mixed mode, sharing, tiered, compressed oops, compressed class ptrs, g1 gc, windows-amd64)
# No core dump will be written. Minidumps are not enabled by default on client versions of Windows
#

---------------  S U M M A R Y ------------

Command Line: -javaagent:C:\Program Files\JetBrains\IntelliJ IDEA Educational Edition 2021.3.3\lib\idea_rt.jar=58055:C:\Program Files\JetBrains\IntelliJ IDEA Educational Edition 2021.3.3\bin -Dfile.encoding=UTF-8 com.project.AtDevAssignmentApplication

Host: Intel(R) Core(TM) i5-9300H CPU @ 2.40GHz, 8 cores, 7G,  Windows 10 , 64 bit Build 19041 (10.0.19041.2251)
Time: Wed Dec  7 14:03:24 2022 India Standard Time elapsed time: 2.674673 seconds (0d 0h 0m 2s)

---------------  T H R E A D  ---------------

Current thread (0x00000232131a5400):  JavaThread "C2 CompilerThread1" daemon [_thread_in_native, id=20580, stack(0x000000c8d3300000,0x000000c8d3400000)]


Current CompileTask:
C2:   2674 2480   !   4       java.util.WeakHashMap::expungeStaleEntries (139 bytes)

Stack: [0x000000c8d3300000,0x000000c8d3400000]
Native frames: (J=compiled Java code, j=interpreted, Vv=VM code, C=native code)
V  [jvm.dll+0x66f8ea]
V  [jvm.dll+0x7ce224]
V  [jvm.dll+0x7cf9ce]
V  [jvm.dll+0x7d0033]
V  [jvm.dll+0x242bb5]
V  [jvm.dll+0xaa05b]
V  [jvm.dll+0xaa5ec]
V  [jvm.dll+0x35f9f7]
V  [jvm.dll+0x329f61]
V  [jvm.dll+0x32940a]
V  [jvm.dll+0x215ca1]
V  [jvm.dll+0x2150c1]
V  [jvm.dll+0x1a168d]
V  [jvm.dll+0x2248f8]
V  [jvm.dll+0x222a5c]
V  [jvm.dll+0x78422b]
V  [jvm.dll+0x77e7ea]
V  [jvm.dll+0x66e715]
C  [ucrtbase.dll+0x21bb2]
C  [KERNEL32.DLL+0x174b4]
C  [ntdll.dll+0x526a1]


---------------  P R O C E S S  ---------------

Threads class SMR info:
_java_thread_list=0x00000232354f5140, length=14, elements={
0x0000023215573110, 0x0000023233022da0, 0x0000023233023a10, 0x00000232330304e0,
0x0000023233031ea0, 0x0000023233033860, 0x0000023233034210, 0x00000232131a3fc0,
0x00000232131a5910, 0x000002323303ad00, 0x000002323300ce10, 0x00000232131a5400,
0x000002323438f750, 0x000002323438fc20
}

Java Threads: ( => current thread )
  0x0000023215573110 JavaThread "main" [_thread_in_Java, id=12196, stack(0x000000c8d2200000,0x000000c8d2300000)]
  0x0000023233022da0 JavaThread "Reference Handler" daemon [_thread_blocked, id=21068, stack(0x000000c8d2900000,0x000000c8d2a00000)]
  0x0000023233023a10 JavaThread "Finalizer" daemon [_thread_blocked, id=15420, stack(0x000000c8d2a00000,0x000000c8d2b00000)]
  0x00000232330304e0 JavaThread "Signal Dispatcher" daemon [_thread_blocked, id=16240, stack(0x000000c8d2b00000,0x000000c8d2c00000)]
  0x0000023233031ea0 JavaThread "Attach Listener" daemon [_thread_blocked, id=21480, stack(0x000000c8d2c00000,0x000000c8d2d00000)]
  0x0000023233033860 JavaThread "Service Thread" daemon [_thread_blocked, id=10660, stack(0x000000c8d2d00000,0x000000c8d2e00000)]
  0x0000023233034210 JavaThread "Monitor Deflation Thread" daemon [_thread_blocked, id=12080, stack(0x000000c8d2e00000,0x000000c8d2f00000)]
  0x00000232131a3fc0 JavaThread "C2 CompilerThread0" daemon [_thread_blocked, id=20408, stack(0x000000c8d2f00000,0x000000c8d3000000)]
  0x00000232131a5910 JavaThread "C1 CompilerThread0" daemon [_thread_in_native, id=9848, stack(0x000000c8d3000000,0x000000c8d3100000)]
  0x000002323303ad00 JavaThread "Sweeper thread" daemon [_thread_blocked, id=6420, stack(0x000000c8d3100000,0x000000c8d3200000)]
  0x000002323300ce10 JavaThread "Common-Cleaner" daemon [_thread_blocked, id=19712, stack(0x000000c8d3200000,0x000000c8d3300000)]
=>0x00000232131a5400 JavaThread "C2 CompilerThread1" daemon [_thread_in_native, id=20580, stack(0x000000c8d3300000,0x000000c8d3400000)]
  0x000002323438f750 JavaThread "Monitor Ctrl-Break" daemon [_thread_in_native, id=19252, stack(0x000000c8d3400000,0x000000c8d3500000)]
  0x000002323438fc20 JavaThread "Notification Thread" daemon [_thread_blocked, id=9564, stack(0x000000c8d3500000,0x000000c8d3600000)]

Other Threads:
  0x000002323301a5d0 VMThread "VM Thread" [stack: 0x000000c8d2800000,0x000000c8d2900000] [id=11960]
  0x00000232131a14c0 WatcherThread [stack: 0x000000c8d3600000,0x000000c8d3700000] [id=4372]
  0x00000232155afc20 GCTaskThread "GC Thread#0" [stack: 0x000000c8d2300000,0x000000c8d2400000] [id=12584]
  0x0000023234cd0fc0 GCTaskThread "GC Thread#1" [stack: 0x000000c8d3700000,0x000000c8d3800000] [id=12572]
  0x0000023234cd1270 GCTaskThread "GC Thread#2" [stack: 0x000000c8d3800000,0x000000c8d3900000] [id=13668]
  0x00000232348f7890 GCTaskThread "GC Thread#3" [stack: 0x000000c8d3900000,0x000000c8d3a00000] [id=17924]
  0x00000232348f7b40 GCTaskThread "GC Thread#4" [stack: 0x000000c8d3a00000,0x000000c8d3b00000] [id=4484]
  0x0000023234c92870 GCTaskThread "GC Thread#5" [stack: 0x000000c8d3b00000,0x000000c8d3c00000] [id=8472]
  0x0000023234c92b20 GCTaskThread "GC Thread#6" [stack: 0x000000c8d3c00000,0x000000c8d3d00000] [id=17768]
  0x00000232353c3590 GCTaskThread "GC Thread#7" [stack: 0x000000c8d3e00000,0x000000c8d3f00000] [id=18764]
  0x00000232155feb80 ConcurrentGCThread "G1 Main Marker" [stack: 0x000000c8d2400000,0x000000c8d2500000] [id=19904]
  0x00000232155ff750 ConcurrentGCThread "G1 Conc#0" [stack: 0x000000c8d2500000,0x000000c8d2600000] [id=20880]
  0x000002321560e810 ConcurrentGCThread "G1 Refine#0" [stack: 0x000000c8d2600000,0x000000c8d2700000] [id=3220]
  0x0000023232ecebb0 ConcurrentGCThread "G1 Service" [stack: 0x000000c8d2700000,0x000000c8d2800000] [id=18052]

Threads with active compile tasks:
C2 CompilerThread1     2725 2480   !   4       java.util.WeakHashMap::expungeStaleEntries (139 bytes)

VM state: not at safepoint (normal execution)

VM Mutex/Monitor currently owned by a thread: None

Heap address: 0x0000000082600000, size: 2010 MB, Compressed Oops mode: 32-bit

CDS archive(s) mapped at: [0x0000000800000000-0x0000000800bc0000-0x0000000800bc0000), size 12320768, SharedBaseAddress: 0x0000000800000000, ArchiveRelocationMode: 0.
Compressed class space mapped at: 0x0000000800c00000-0x0000000840c00000, reserved size: 1073741824
Narrow klass base: 0x0000000800000000, Narrow klass shift: 0, Narrow klass range: 0x100000000

GC Precious Log:
 CPUs: 8 total, 8 available
 Memory: 8033M
 Large Page Support: Disabled
 NUMA Support: Disabled
 Compressed Oops: Enabled (32-bit)
 Heap Region Size: 1M
 Heap Min Capacity: 8M
 Heap Initial Capacity: 126M
 Heap Max Capacity: 2010M
 Pre-touch: Disabled
 Parallel Workers: 8
 Concurrent Workers: 2
 Concurrent Refinement Workers: 8
 Periodic GC: Disabled

Heap:
 garbage-first heap   total 129024K, used 45100K [0x0000000082600000, 0x0000000100000000)
  region size 1024K, 36 young (36864K), 3 survivors (3072K)
 Metaspace       used 18037K, committed 18240K, reserved 1073152K
  class space    used 2197K, committed 2304K, reserved 1048576K

Heap Regions: E=young(eden), S=young(survivor), O=old, HS=humongous(starts), HC=humongous(continues), CS=collection set, F=free, OA=open archive, CA=closed archive, TAMS=top-at-mark-start (previous, next)
|   0|0x0000000082600000, 0x0000000082700000, 0x0000000082700000|100%|HS|  |TAMS 0x0000000082600000, 0x0000000082600000| Complete 
|   1|0x0000000082700000, 0x0000000082800000, 0x0000000082800000|100%|HS|  |TAMS 0x0000000082700000, 0x0000000082700000| Complete 
|   2|0x0000000082800000, 0x0000000082900000, 0x0000000082900000|100%|HC|  |TAMS 0x0000000082800000, 0x0000000082800000| Complete 
|   3|0x0000000082900000, 0x0000000082a00000, 0x0000000082a00000|100%|HS|  |TAMS 0x0000000082900000, 0x0000000082900000| Complete 
|   4|0x0000000082a00000, 0x0000000082b00000, 0x0000000082b00000|100%| O|  |TAMS 0x0000000082a00000, 0x0000000082a00000| Untracked 
|   5|0x0000000082b00000, 0x0000000082c00000, 0x0000000082c00000|100%| O|  |TAMS 0x0000000082b00000, 0x0000000082b00000| Untracked 
|   6|0x0000000082c00000, 0x0000000082d00000, 0x0000000082d00000|100%| O|  |TAMS 0x0000000082c00000, 0x0000000082c00000| Untracked 
|   7|0x0000000082d00000, 0x0000000082e00000, 0x0000000082e00000|100%| O|  |TAMS 0x0000000082d00000, 0x0000000082d00000| Untracked 
|   8|0x0000000082e00000, 0x0000000082f00000, 0x0000000082f00000|100%| O|  |TAMS 0x0000000082e00000, 0x0000000082e00000| Untracked 
|   9|0x0000000082f00000, 0x0000000083000000, 0x0000000083000000|100%| O|  |TAMS 0x0000000082f00000, 0x0000000082f00000| Untracked 
|  10|0x0000000083000000, 0x00000000830bf600, 0x0000000083100000| 74%| O|  |TAMS 0x0000000083000000, 0x0000000083000000| Untracked 
|  11|0x0000000083100000, 0x0000000083100000, 0x0000000083200000|  0%| F|  |TAMS 0x0000000083100000, 0x0000000083100000| Untracked 
|  12|0x0000000083200000, 0x0000000083200000, 0x0000000083300000|  0%| F|  |TAMS 0x0000000083200000, 0x0000000083200000| Untracked 
|  13|0x0000000083300000, 0x0000000083300000, 0x0000000083400000|  0%| F|  |TAMS 0x0000000083300000, 0x0000000083300000| Untracked 
|  14|0x0000000083400000, 0x0000000083400000, 0x0000000083500000|  0%| F|  |TAMS 0x0000000083400000, 0x0000000083400000| Untracked 
|  15|0x0000000083500000, 0x0000000083500000, 0x0000000083600000|  0%| F|  |TAMS 0x0000000083500000, 0x0000000083500000| Untracked 
|  16|0x0000000083600000, 0x0000000083600000, 0x0000000083700000|  0%| F|  |TAMS 0x0000000083600000, 0x0000000083600000| Untracked 
|  17|0x0000000083700000, 0x0000000083700000, 0x0000000083800000|  0%| F|  |TAMS 0x0000000083700000, 0x0000000083700000| Untracked 
|  18|0x0000000083800000, 0x0000000083800000, 0x0000000083900000|  0%| F|  |TAMS 0x0000000083800000, 0x0000000083800000| Untracked 
|  19|0x0000000083900000, 0x0000000083900000, 0x0000000083a00000|  0%| F|  |TAMS 0x0000000083900000, 0x0000000083900000| Untracked 
|  20|0x0000000083a00000, 0x0000000083a00000, 0x0000000083b00000|  0%| F|  |TAMS 0x0000000083a00000, 0x0000000083a00000| Untracked 
|  21|0x0000000083b00000, 0x0000000083b00000, 0x0000000083c00000|  0%| F|  |TAMS 0x0000000083b00000, 0x0000000083b00000| Untracked 
|  22|0x0000000083c00000, 0x0000000083c00000, 0x0000000083d00000|  0%| F|  |TAMS 0x0000000083c00000, 0x0000000083c00000| Untracked 
|  23|0x0000000083d00000, 0x0000000083d00000, 0x0000000083e00000|  0%| F|  |TAMS 0x0000000083d00000, 0x0000000083d00000| Untracked 
|  24|0x0000000083e00000, 0x0000000083e00000, 0x0000000083f00000|  0%| F|  |TAMS 0x0000000083e00000, 0x0000000083e00000| Untracked 
|  25|0x0000000083f00000, 0x0000000083f00000, 0x0000000084000000|  0%| F|  |TAMS 0x0000000083f00000, 0x0000000083f00000| Untracked 
|  26|0x0000000084000000, 0x0000000084000000, 0x0000000084100000|  0%| F|  |TAMS 0x0000000084000000, 0x0000000084000000| Untracked 
|  27|0x0000000084100000, 0x0000000084100000, 0x0000000084200000|  0%| F|  |TAMS 0x0000000084100000, 0x0000000084100000| Untracked 
|  28|0x0000000084200000, 0x0000000084200000, 0x0000000084300000|  0%| F|  |TAMS 0x0000000084200000, 0x0000000084200000| Untracked 
|  29|0x0000000084300000, 0x0000000084300000, 0x0000000084400000|  0%| F|  |TAMS 0x0000000084300000, 0x0000000084300000| Untracked 
|  30|0x0000000084400000, 0x0000000084400000, 0x0000000084500000|  0%| F|  |TAMS 0x0000000084400000, 0x0000000084400000| Untracked 
|  31|0x0000000084500000, 0x0000000084500000, 0x0000000084600000|  0%| F|  |TAMS 0x0000000084500000, 0x0000000084500000| Untracked 
|  32|0x0000000084600000, 0x0000000084600000, 0x0000000084700000|  0%| F|  |TAMS 0x0000000084600000, 0x0000000084600000| Untracked 
|  33|0x0000000084700000, 0x0000000084700000, 0x0000000084800000|  0%| F|  |TAMS 0x0000000084700000, 0x0000000084700000| Untracked 
|  34|0x0000000084800000, 0x0000000084800000, 0x0000000084900000|  0%| F|  |TAMS 0x0000000084800000, 0x0000000084800000| Untracked 
|  35|0x0000000084900000, 0x0000000084900000, 0x0000000084a00000|  0%| F|  |TAMS 0x0000000084900000, 0x0000000084900000| Untracked 
|  36|0x0000000084a00000, 0x0000000084a00000, 0x0000000084b00000|  0%| F|  |TAMS 0x0000000084a00000, 0x0000000084a00000| Untracked 
|  37|0x0000000084b00000, 0x0000000084b00000, 0x0000000084c00000|  0%| F|  |TAMS 0x0000000084b00000, 0x0000000084b00000| Untracked 
|  38|0x0000000084c00000, 0x0000000084c00000, 0x0000000084d00000|  0%| F|  |TAMS 0x0000000084c00000, 0x0000000084c00000| Untracked 
|  39|0x0000000084d00000, 0x0000000084d00000, 0x0000000084e00000|  0%| F|  |TAMS 0x0000000084d00000, 0x0000000084d00000| Untracked 
|  40|0x0000000084e00000, 0x0000000084e00000, 0x0000000084f00000|  0%| F|  |TAMS 0x0000000084e00000, 0x0000000084e00000| Untracked 
|  41|0x0000000084f00000, 0x0000000084f00000, 0x0000000085000000|  0%| F|  |TAMS 0x0000000084f00000, 0x0000000084f00000| Untracked 
|  42|0x0000000085000000, 0x0000000085000000, 0x0000000085100000|  0%| F|  |TAMS 0x0000000085000000, 0x0000000085000000| Untracked 
|  43|0x0000000085100000, 0x0000000085100000, 0x0000000085200000|  0%| F|  |TAMS 0x0000000085100000, 0x0000000085100000| Untracked 
|  44|0x0000000085200000, 0x0000000085200000, 0x0000000085300000|  0%| F|  |TAMS 0x0000000085200000, 0x0000000085200000| Untracked 
|  45|0x0000000085300000, 0x0000000085300000, 0x0000000085400000|  0%| F|  |TAMS 0x0000000085300000, 0x0000000085300000| Untracked 
|  46|0x0000000085400000, 0x0000000085400000, 0x0000000085500000|  0%| F|  |TAMS 0x0000000085400000, 0x0000000085400000| Untracked 
|  47|0x0000000085500000, 0x0000000085500000, 0x0000000085600000|  0%| F|  |TAMS 0x0000000085500000, 0x0000000085500000| Untracked 
|  48|0x0000000085600000, 0x0000000085600000, 0x0000000085700000|  0%| F|  |TAMS 0x0000000085600000, 0x0000000085600000| Untracked 
|  49|0x0000000085700000, 0x0000000085700000, 0x0000000085800000|  0%| F|  |TAMS 0x0000000085700000, 0x0000000085700000| Untracked 
|  50|0x0000000085800000, 0x0000000085800000, 0x0000000085900000|  0%| F|  |TAMS 0x0000000085800000, 0x0000000085800000| Untracked 
|  51|0x0000000085900000, 0x0000000085900000, 0x0000000085a00000|  0%| F|  |TAMS 0x0000000085900000, 0x0000000085900000| Untracked 
|  52|0x0000000085a00000, 0x0000000085a00000, 0x0000000085b00000|  0%| F|  |TAMS 0x0000000085a00000, 0x0000000085a00000| Untracked 
|  53|0x0000000085b00000, 0x0000000085b00000, 0x0000000085c00000|  0%| F|  |TAMS 0x0000000085b00000, 0x0000000085b00000| Untracked 
|  54|0x0000000085c00000, 0x0000000085c00000, 0x0000000085d00000|  0%| F|  |TAMS 0x0000000085c00000, 0x0000000085c00000| Untracked 
|  55|0x0000000085d00000, 0x0000000085d00000, 0x0000000085e00000|  0%| F|  |TAMS 0x0000000085d00000, 0x0000000085d00000| Untracked 
|  56|0x0000000085e00000, 0x0000000085e00000, 0x0000000085f00000|  0%| F|  |TAMS 0x0000000085e00000, 0x0000000085e00000| Untracked 
|  57|0x0000000085f00000, 0x0000000085f00000, 0x0000000086000000|  0%| F|  |TAMS 0x0000000085f00000, 0x0000000085f00000| Untracked 
|  58|0x0000000086000000, 0x0000000086000000, 0x0000000086100000|  0%| F|  |TAMS 0x0000000086000000, 0x0000000086000000| Untracked 
|  59|0x0000000086100000, 0x0000000086100000, 0x0000000086200000|  0%| F|  |TAMS 0x0000000086100000, 0x0000000086100000| Untracked 
|  60|0x0000000086200000, 0x0000000086200000, 0x0000000086300000|  0%| F|  |TAMS 0x0000000086200000, 0x0000000086200000| Untracked 
|  61|0x0000000086300000, 0x0000000086300000, 0x0000000086400000|  0%| F|  |TAMS 0x0000000086300000, 0x0000000086300000| Untracked 
|  62|0x0000000086400000, 0x0000000086400000, 0x0000000086500000|  0%| F|  |TAMS 0x0000000086400000, 0x0000000086400000| Untracked 
|  63|0x0000000086500000, 0x0000000086500000, 0x0000000086600000|  0%| F|  |TAMS 0x0000000086500000, 0x0000000086500000| Untracked 
|  64|0x0000000086600000, 0x0000000086600000, 0x0000000086700000|  0%| F|  |TAMS 0x0000000086600000, 0x0000000086600000| Untracked 
|  65|0x0000000086700000, 0x0000000086700000, 0x0000000086800000|  0%| F|  |TAMS 0x0000000086700000, 0x0000000086700000| Untracked 
|  66|0x0000000086800000, 0x0000000086800000, 0x0000000086900000|  0%| F|  |TAMS 0x0000000086800000, 0x0000000086800000| Untracked 
|  67|0x0000000086900000, 0x0000000086900000, 0x0000000086a00000|  0%| F|  |TAMS 0x0000000086900000, 0x0000000086900000| Untracked 
|  68|0x0000000086a00000, 0x0000000086a00000, 0x0000000086b00000|  0%| F|  |TAMS 0x0000000086a00000, 0x0000000086a00000| Untracked 
|  69|0x0000000086b00000, 0x0000000086b00000, 0x0000000086c00000|  0%| F|  |TAMS 0x0000000086b00000, 0x0000000086b00000| Untracked 
|  70|0x0000000086c00000, 0x0000000086c00000, 0x0000000086d00000|  0%| F|  |TAMS 0x0000000086c00000, 0x0000000086c00000| Untracked 
|  71|0x0000000086d00000, 0x0000000086d00000, 0x0000000086e00000|  0%| F|  |TAMS 0x0000000086d00000, 0x0000000086d00000| Untracked 
|  72|0x0000000086e00000, 0x0000000086e00000, 0x0000000086f00000|  0%| F|  |TAMS 0x0000000086e00000, 0x0000000086e00000| Untracked 
|  73|0x0000000086f00000, 0x0000000086f00000, 0x0000000087000000|  0%| F|  |TAMS 0x0000000086f00000, 0x0000000086f00000| Untracked 
|  74|0x0000000087000000, 0x0000000087000000, 0x0000000087100000|  0%| F|  |TAMS 0x0000000087000000, 0x0000000087000000| Untracked 
|  75|0x0000000087100000, 0x0000000087100000, 0x0000000087200000|  0%| F|  |TAMS 0x0000000087100000, 0x0000000087100000| Untracked 
|  76|0x0000000087200000, 0x0000000087200000, 0x0000000087300000|  0%| F|  |TAMS 0x0000000087200000, 0x0000000087200000| Untracked 
|  77|0x0000000087300000, 0x0000000087300000, 0x0000000087400000|  0%| F|  |TAMS 0x0000000087300000, 0x0000000087300000| Untracked 
|  78|0x0000000087400000, 0x0000000087400000, 0x0000000087500000|  0%| F|  |TAMS 0x0000000087400000, 0x0000000087400000| Untracked 
|  79|0x0000000087500000, 0x0000000087500000, 0x0000000087600000|  0%| F|  |TAMS 0x0000000087500000, 0x0000000087500000| Untracked 
|  80|0x0000000087600000, 0x0000000087600000, 0x0000000087700000|  0%| F|  |TAMS 0x0000000087600000, 0x0000000087600000| Untracked 
|  81|0x0000000087700000, 0x0000000087700000, 0x0000000087800000|  0%| F|  |TAMS 0x0000000087700000, 0x0000000087700000| Untracked 
|  82|0x0000000087800000, 0x0000000087800000, 0x0000000087900000|  0%| F|  |TAMS 0x0000000087800000, 0x0000000087800000| Untracked 
|  83|0x0000000087900000, 0x0000000087900000, 0x0000000087a00000|  0%| F|  |TAMS 0x0000000087900000, 0x0000000087900000| Untracked 
|  84|0x0000000087a00000, 0x0000000087a00000, 0x0000000087b00000|  0%| F|  |TAMS 0x0000000087a00000, 0x0000000087a00000| Untracked 
|  85|0x0000000087b00000, 0x0000000087b00000, 0x0000000087c00000|  0%| F|  |TAMS 0x0000000087b00000, 0x0000000087b00000| Untracked 
|  86|0x0000000087c00000, 0x0000000087c00000, 0x0000000087d00000|  0%| F|  |TAMS 0x0000000087c00000, 0x0000000087c00000| Untracked 
|  87|0x0000000087d00000, 0x0000000087d00000, 0x0000000087e00000|  0%| F|  |TAMS 0x0000000087d00000, 0x0000000087d00000| Untracked 
|  88|0x0000000087e00000, 0x0000000087e00000, 0x0000000087f00000|  0%| F|  |TAMS 0x0000000087e00000, 0x0000000087e00000| Untracked 
|  89|0x0000000087f00000, 0x0000000087f80800, 0x0000000088000000| 50%| E|  |TAMS 0x0000000087f00000, 0x0000000087f00000| Complete 
|  90|0x0000000088000000, 0x0000000088100000, 0x0000000088100000|100%| E|CS|TAMS 0x0000000088000000, 0x0000000088000000| Complete 
|  91|0x0000000088100000, 0x0000000088200000, 0x0000000088200000|100%| E|CS|TAMS 0x0000000088100000, 0x0000000088100000| Complete 
|  92|0x0000000088200000, 0x0000000088300000, 0x0000000088300000|100%| E|CS|TAMS 0x0000000088200000, 0x0000000088200000| Complete 
|  93|0x0000000088300000, 0x000000008834bb70, 0x0000000088400000| 29%| S|CS|TAMS 0x0000000088300000, 0x0000000088300000| Complete 
|  94|0x0000000088400000, 0x0000000088500000, 0x0000000088500000|100%| S|CS|TAMS 0x0000000088400000, 0x0000000088400000| Complete 
|  95|0x0000000088500000, 0x0000000088600000, 0x0000000088600000|100%| S|CS|TAMS 0x0000000088500000, 0x0000000088500000| Complete 
|  96|0x0000000088600000, 0x0000000088700000, 0x0000000088700000|100%| E|CS|TAMS 0x0000000088600000, 0x0000000088600000| Complete 
|  97|0x0000000088700000, 0x0000000088800000, 0x0000000088800000|100%| E|CS|TAMS 0x0000000088700000, 0x0000000088700000| Complete 
|  98|0x0000000088800000, 0x0000000088900000, 0x0000000088900000|100%| E|CS|TAMS 0x0000000088800000, 0x0000000088800000| Complete 
|  99|0x0000000088900000, 0x0000000088a00000, 0x0000000088a00000|100%| E|CS|TAMS 0x0000000088900000, 0x0000000088900000| Complete 
| 100|0x0000000088a00000, 0x0000000088b00000, 0x0000000088b00000|100%| E|CS|TAMS 0x0000000088a00000, 0x0000000088a00000| Complete 
| 101|0x0000000088b00000, 0x0000000088c00000, 0x0000000088c00000|100%| E|CS|TAMS 0x0000000088b00000, 0x0000000088b00000| Complete 
| 102|0x0000000088c00000, 0x0000000088d00000, 0x0000000088d00000|100%| E|CS|TAMS 0x0000000088c00000, 0x0000000088c00000| Complete 
| 103|0x0000000088d00000, 0x0000000088e00000, 0x0000000088e00000|100%| E|CS|TAMS 0x0000000088d00000, 0x0000000088d00000| Complete 
| 104|0x0000000088e00000, 0x0000000088f00000, 0x0000000088f00000|100%| E|CS|TAMS 0x0000000088e00000, 0x0000000088e00000| Complete 
| 105|0x0000000088f00000, 0x0000000089000000, 0x0000000089000000|100%| E|CS|TAMS 0x0000000088f00000, 0x0000000088f00000| Complete 
| 106|0x0000000089000000, 0x0000000089100000, 0x0000000089100000|100%| E|CS|TAMS 0x0000000089000000, 0x0000000089000000| Complete 
| 107|0x0000000089100000, 0x0000000089200000, 0x0000000089200000|100%| E|CS|TAMS 0x0000000089100000, 0x0000000089100000| Complete 
| 108|0x0000000089200000, 0x0000000089300000, 0x0000000089300000|100%| E|CS|TAMS 0x0000000089200000, 0x0000000089200000| Complete 
| 109|0x0000000089300000, 0x0000000089400000, 0x0000000089400000|100%| E|CS|TAMS 0x0000000089300000, 0x0000000089300000| Complete 
| 110|0x0000000089400000, 0x0000000089500000, 0x0000000089500000|100%| E|CS|TAMS 0x0000000089400000, 0x0000000089400000| Complete 
| 111|0x0000000089500000, 0x0000000089600000, 0x0000000089600000|100%| E|CS|TAMS 0x0000000089500000, 0x0000000089500000| Complete 
| 112|0x0000000089600000, 0x0000000089700000, 0x0000000089700000|100%| E|  |TAMS 0x0000000089600000, 0x0000000089600000| Complete 
| 113|0x0000000089700000, 0x0000000089800000, 0x0000000089800000|100%| E|CS|TAMS 0x0000000089700000, 0x0000000089700000| Complete 
| 114|0x0000000089800000, 0x0000000089900000, 0x0000000089900000|100%| E|CS|TAMS 0x0000000089800000, 0x0000000089800000| Complete 
| 115|0x0000000089900000, 0x0000000089a00000, 0x0000000089a00000|100%| E|CS|TAMS 0x0000000089900000, 0x0000000089900000| Complete 
| 116|0x0000000089a00000, 0x0000000089b00000, 0x0000000089b00000|100%| E|CS|TAMS 0x0000000089a00000, 0x0000000089a00000| Complete 
| 117|0x0000000089b00000, 0x0000000089c00000, 0x0000000089c00000|100%| E|CS|TAMS 0x0000000089b00000, 0x0000000089b00000| Complete 
| 118|0x0000000089c00000, 0x0000000089d00000, 0x0000000089d00000|100%| E|CS|TAMS 0x0000000089c00000, 0x0000000089c00000| Complete 
| 119|0x0000000089d00000, 0x0000000089e00000, 0x0000000089e00000|100%| E|CS|TAMS 0x0000000089d00000, 0x0000000089d00000| Complete 
| 120|0x0000000089e00000, 0x0000000089f00000, 0x0000000089f00000|100%| E|CS|TAMS 0x0000000089e00000, 0x0000000089e00000| Complete 
| 121|0x0000000089f00000, 0x000000008a000000, 0x000000008a000000|100%| E|CS|TAMS 0x0000000089f00000, 0x0000000089f00000| Complete 
| 122|0x000000008a000000, 0x000000008a100000, 0x000000008a100000|100%| E|CS|TAMS 0x000000008a000000, 0x000000008a000000| Complete 
| 123|0x000000008a100000, 0x000000008a200000, 0x000000008a200000|100%| E|CS|TAMS 0x000000008a100000, 0x000000008a100000| Complete 
| 124|0x000000008a200000, 0x000000008a300000, 0x000000008a300000|100%| E|CS|TAMS 0x000000008a200000, 0x000000008a200000| Complete 
| 125|0x000000008a300000, 0x000000008a400000, 0x000000008a400000|100%| E|CS|TAMS 0x000000008a300000, 0x000000008a300000| Complete 

Card table byte_map: [0x000002322c470000,0x000002322c860000] _byte_map_base: 0x000002322c05d000

Marking Bits (Prev, Next): (CMBitMap*) 0x00000232155b0230, (CMBitMap*) 0x00000232155b0270
 Prev Bits: [0x000002322cc50000, 0x000002322ebb8000)
 Next Bits: [0x000002322ebc0000, 0x0000023230b28000)

Polling page: 0x00000232134c0000

Metaspace:

Usage:
  Non-class:     15.49 MB used.
      Class:      2.15 MB used.
       Both:     17.65 MB used.

Virtual space:
  Non-class space:       24.00 MB reserved,      15.56 MB ( 65%) committed,  3 nodes.
      Class space:        1.00 GB reserved,       2.25 MB ( <1%) committed,  1 nodes.
             Both:        1.02 GB reserved,      17.81 MB (  2%) committed. 

Chunk freelists:
   Non-Class:  3.48 MB
       Class:  1.69 MB
        Both:  5.18 MB

MaxMetaspaceSize: unlimited
CompressedClassSpaceSize: 1.00 GB
Initial GC threshold: 21.00 MB
Current GC threshold: 21.00 MB
CDS: on
MetaspaceReclaimPolicy: balanced
 - commit_granule_bytes: 65536.
 - commit_granule_words: 8192.
 - virtual_space_node_default_size: 1048576.
 - enlarge_chunks_in_place: 1.
 - new_chunks_are_fully_committed: 0.
 - uncommit_free_chunks: 1.
 - use_allocation_guard: 0.
 - handle_deallocations: 1.


Internal statistics:

num_allocs_failed_limit: 0.
num_arena_births: 208.
num_arena_deaths: 0.
num_vsnodes_births: 4.
num_vsnodes_deaths: 0.
num_space_committed: 285.
num_space_uncommitted: 0.
num_chunks_returned_to_freelist: 0.
num_chunks_taken_from_freelist: 814.
num_chunk_merges: 0.
num_chunk_splits: 563.
num_chunks_enlarged: 448.
num_purges: 0.
num_inconsistent_stats: 0.

CodeHeap 'non-profiled nmethods': size=120000Kb used=1043Kb max_used=1043Kb free=118956Kb
 bounds [0x0000023224810000, 0x0000023224a80000, 0x000002322bd40000]
CodeHeap 'profiled nmethods': size=120000Kb used=5200Kb max_used=5200Kb free=114799Kb
 bounds [0x000002321d2e0000, 0x000002321d800000, 0x0000023224810000]
CodeHeap 'non-nmethods': size=5760Kb used=1194Kb max_used=1250Kb free=4565Kb
 bounds [0x000002321cd40000, 0x000002321cfb0000, 0x000002321d2e0000]
 total_blobs=3019 nmethods=2531 adapters=400
 compilation: enabled
              stopped_count=0, restarted_count=0
 full_count=0

Compilation events (20 events):
Event: 2.644 Thread 0x00000232131a5910 nmethod 2470 0x000002321d7c7090 code [0x000002321d7c7240, 0x000002321d7c7608]
Event: 2.644 Thread 0x00000232131a5910 2471       3       org.springframework.util.MultiValueMapAdapter::get (14 bytes)
Event: 2.644 Thread 0x00000232131a5910 nmethod 2471 0x000002321d7c7710 code [0x000002321d7c78c0, 0x000002321d7c7ba8]
Event: 2.645 Thread 0x00000232131a5910 2472       3       org.springframework.util.MultiValueMapAdapter::isEmpty (10 bytes)
Event: 2.645 Thread 0x00000232131a5910 nmethod 2472 0x000002321d7c7c90 code [0x000002321d7c7e40, 0x000002321d7c8008]
Event: 2.645 Thread 0x00000232131a5910 2473       3       org.springframework.util.Assert::hasText (17 bytes)
Event: 2.645 Thread 0x00000232131a5400 2474       4       java.lang.invoke.Invokers$Holder::linkToTargetMethod (9 bytes)
Event: 2.645 Thread 0x00000232131a5910 nmethod 2473 0x000002321d7c8110 code [0x000002321d7c82e0, 0x000002321d7c86f8]
Event: 2.645 Thread 0x00000232131a5910 2475       3       sun.reflect.annotation.AnnotationParser::parseStringArray (85 bytes)
Event: 2.646 Thread 0x00000232131a5910 nmethod 2475 0x000002321d7c8890 code [0x000002321d7c8aa0, 0x000002321d7c9248]
Event: 2.646 Thread 0x00000232131a5910 2476       3       org.springframework.util.Assert::notNull (17 bytes)
Event: 2.646 Thread 0x00000232131a5400 nmethod 2474 0x0000023224911d90 code [0x0000023224911f20, 0x0000023224911ff8]
Event: 2.646 Thread 0x00000232131a5910 nmethod 2476 0x000002321d7c9510 code [0x000002321d7c96e0, 0x000002321d7c9b58]
Event: 2.646 Thread 0x00000232131a5910 2477       3       org.springframework.core.annotation.AnnotationAttributes::getRequiredAttribute (79 bytes)
Event: 2.648 Thread 0x00000232131a5910 nmethod 2477 0x000002321d7c9d10 code [0x000002321d7ca060, 0x000002321d7cb598]
Event: 2.649 Thread 0x00000232131a5910 2478       3       java.util.LinkedHashMap::forEach (65 bytes)
Event: 2.649 Thread 0x00000232131a5910 nmethod 2478 0x000002321d7cbc90 code [0x000002321d7cbe80, 0x000002321d7cc348]
Event: 2.652 Thread 0x00000232131a5910 2479       1       org.springframework.beans.factory.support.AbstractBeanDefinition::getScope (5 bytes)
Event: 2.652 Thread 0x00000232131a5910 nmethod 2479 0x0000023224912110 code [0x00000232249122a0, 0x0000023224912378]
Event: 2.660 Thread 0x00000232131a5400 2480   !   4       java.util.WeakHashMap::expungeStaleEntries (139 bytes)

GC Heap History (4 events):
Event: 1.143 GC heap before
{Heap before GC invocations=0 (full 0):
 garbage-first heap   total 129024K, used 26624K [0x0000000082600000, 0x0000000100000000)
  region size 1024K, 23 young (23552K), 0 survivors (0K)
 Metaspace       used 5717K, committed 5952K, reserved 1056768K
  class space    used 653K, committed 768K, reserved 1048576K
}
Event: 1.151 GC heap after
{Heap after GC invocations=1 (full 0):
 garbage-first heap   total 129024K, used 10932K [0x0000000082600000, 0x0000000100000000)
  region size 1024K, 3 young (3072K), 3 survivors (3072K)
 Metaspace       used 5717K, committed 5952K, reserved 1056768K
  class space    used 653K, committed 768K, reserved 1048576K
}
Event: 1.782 GC heap before
{Heap before GC invocations=1 (full 0):
 garbage-first heap   total 129024K, used 37556K [0x0000000082600000, 0x0000000100000000)
  region size 1024K, 30 young (30720K), 3 survivors (3072K)
 Metaspace       used 12479K, committed 12672K, reserved 1064960K
  class space    used 1504K, committed 1600K, reserved 1048576K
}
Event: 1.791 GC heap after
{Heap after GC invocations=2 (full 0):
 garbage-first heap   total 129024K, used 13356K [0x0000000082600000, 0x0000000100000000)
  region size 1024K, 3 young (3072K), 3 survivors (3072K)
 Metaspace       used 12479K, committed 12672K, reserved 1064960K
  class space    used 1504K, committed 1600K, reserved 1048576K
}

Deoptimization events (20 events):
Event: 2.479 Thread 0x0000023215573110 Uncommon trap: trap_request=0xffffff45 fr.pc=0x00000232248ed148 relative=0x0000000000001928
Event: 2.479 Thread 0x0000023215573110 Uncommon trap: reason=unstable_if action=reinterpret pc=0x00000232248ed148 method=jdk.internal.jimage.ImageStringsReader.stringFromByteBufferMatches(Ljava/nio/ByteBuffer;ILjava/lang/String;I)I @ 48 c2
Event: 2.479 Thread 0x0000023215573110 DEOPT PACKING pc=0x00000232248ed148 sp=0x000000c8d22fd940
Event: 2.479 Thread 0x0000023215573110 DEOPT UNPACKING pc=0x000002321cd923a3 sp=0x000000c8d22fd528 mode 2
Event: 2.523 Thread 0x0000023215573110 Uncommon trap: trap_request=0xffffffde fr.pc=0x00000232248215a8 relative=0x00000000000001a8
Event: 2.523 Thread 0x0000023215573110 Uncommon trap: reason=class_check action=maybe_recompile pc=0x00000232248215a8 method=java.lang.String.equals(Ljava/lang/Object;)Z @ 8 c2
Event: 2.523 Thread 0x0000023215573110 DEOPT PACKING pc=0x00000232248215a8 sp=0x000000c8d22fe7e0
Event: 2.523 Thread 0x0000023215573110 DEOPT UNPACKING pc=0x000002321cd923a3 sp=0x000000c8d22fe778 mode 2
Event: 2.523 Thread 0x0000023215573110 Uncommon trap: trap_request=0xffffffde fr.pc=0x00000232248215a8 relative=0x00000000000001a8
Event: 2.523 Thread 0x0000023215573110 Uncommon trap: reason=class_check action=maybe_recompile pc=0x00000232248215a8 method=java.lang.String.equals(Ljava/lang/Object;)Z @ 8 c2
Event: 2.523 Thread 0x0000023215573110 DEOPT PACKING pc=0x00000232248215a8 sp=0x000000c8d22fe7e0
Event: 2.523 Thread 0x0000023215573110 DEOPT UNPACKING pc=0x000002321cd923a3 sp=0x000000c8d22fe778 mode 2
Event: 2.523 Thread 0x0000023215573110 Uncommon trap: trap_request=0xffffffde fr.pc=0x00000232248215a8 relative=0x00000000000001a8
Event: 2.523 Thread 0x0000023215573110 Uncommon trap: reason=class_check action=maybe_recompile pc=0x00000232248215a8 method=java.lang.String.equals(Ljava/lang/Object;)Z @ 8 c2
Event: 2.523 Thread 0x0000023215573110 DEOPT PACKING pc=0x00000232248215a8 sp=0x000000c8d22fe7e0
Event: 2.523 Thread 0x0000023215573110 DEOPT UNPACKING pc=0x000002321cd923a3 sp=0x000000c8d22fe778 mode 2
Event: 2.525 Thread 0x0000023215573110 Uncommon trap: trap_request=0xffffffde fr.pc=0x00000232248215a8 relative=0x00000000000001a8
Event: 2.525 Thread 0x0000023215573110 Uncommon trap: reason=class_check action=maybe_recompile pc=0x00000232248215a8 method=java.lang.String.equals(Ljava/lang/Object;)Z @ 8 c2
Event: 2.525 Thread 0x0000023215573110 DEOPT PACKING pc=0x00000232248215a8 sp=0x000000c8d22fe470
Event: 2.525 Thread 0x0000023215573110 DEOPT UNPACKING pc=0x000002321cd923a3 sp=0x000000c8d22fe408 mode 2

Classes unloaded (0 events):
No events

Classes redefined (0 events):
No events

Internal exceptions (20 events):
Event: 1.389 Thread 0x0000023215573110 Exception <a 'java/lang/NoSuchMethodError'{0x0000000089dfdce8}: 'void java.lang.invoke.DirectMethodHandle$Holder.invokeStaticInit(java.lang.Object, java.lang.Object, java.lang.Object)'> (0x0000000089dfdce8) 
thrown [t:\workspace\open\src\hotspot\share\interpreter\linkResolver.cpp, line 766]
Event: 1.395 Thread 0x0000023215573110 Exception <a 'java/lang/NoSuchMethodError'{0x0000000089c3df50}: 'java.lang.Object java.lang.invoke.DirectMethodHandle$Holder.invokeStatic(java.lang.Object, java.lang.Object, long, java.lang.Object)'> (0x0000000089c3df50) 
thrown [t:\workspace\open\src\hotspot\share\interpreter\linkResolver.cpp, line 766]
Event: 1.395 Thread 0x0000023215573110 Exception <a 'java/lang/NoSuchMethodError'{0x0000000089c419e8}: 'java.lang.Object java.lang.invoke.DirectMethodHandle$Holder.invokeStaticInit(java.lang.Object, java.lang.Object, long, java.lang.Object)'> (0x0000000089c419e8) 
thrown [t:\workspace\open\src\hotspot\share\interpreter\linkResolver.cpp, line 766]
Event: 1.396 Thread 0x0000023215573110 Exception <a 'java/lang/NoSuchMethodError'{0x0000000089c48128}: 'java.lang.Object java.lang.invoke.DirectMethodHandle$Holder.newInvokeSpecial(java.lang.Object, java.lang.Object, long)'> (0x0000000089c48128) 
thrown [t:\workspace\open\src\hotspot\share\interpreter\linkResolver.cpp, line 766]
Event: 1.396 Thread 0x0000023215573110 Exception <a 'java/lang/NoSuchMethodError'{0x0000000089c4bc98}: 'java.lang.Object java.lang.invoke.Invokers$Holder.linkToTargetMethod(java.lang.Object, long, java.lang.Object)'> (0x0000000089c4bc98) 
thrown [t:\workspace\open\src\hotspot\share\interpreter\linkResolver.cpp, line 766]
Event: 1.407 Thread 0x0000023215573110 Exception <a 'java/lang/NoSuchMethodError'{0x0000000089c8ab40}: 'void java.lang.invoke.DirectMethodHandle$Holder.invokeVirtual(java.lang.Object, java.lang.Object, java.lang.Object, java.lang.Object)'> (0x0000000089c8ab40) 
thrown [t:\workspace\open\src\hotspot\share\interpreter\linkResolver.cpp, line 766]
Event: 1.454 Thread 0x0000023215573110 Exception <a 'java/lang/NoSuchMethodError'{0x0000000089be8dc0}: 'void java.lang.invoke.DirectMethodHandle$Holder.invokeSpecial(java.lang.Object, java.lang.Object, java.lang.Object)'> (0x0000000089be8dc0) 
thrown [t:\workspace\open\src\hotspot\share\interpreter\linkResolver.cpp, line 766]
Event: 1.455 Thread 0x0000023215573110 Exception <a 'java/lang/NoSuchMethodError'{0x0000000089bef398}: 'void java.lang.invoke.DirectMethodHandle$Holder.invokeSpecial(java.lang.Object, java.lang.Object, java.lang.Object, java.lang.Object, java.lang.Object)'> (0x0000000089bef398) 
thrown [t:\workspace\open\src\hotspot\share\interpreter\linkResolver.cpp, line 766]
Event: 1.462 Thread 0x0000023215573110 Exception <a 'java/lang/IncompatibleClassChangeError'{0x0000000089a1ec30}: Found class java.lang.Object, but interface was expected> (0x0000000089a1ec30) 
thrown [t:\workspace\open\src\hotspot\share\interpreter\linkResolver.cpp, line 833]
Event: 1.463 Thread 0x000002323501faa0 Exception <a 'java/lang/NoClassDefFoundError'{0x0000000089a965c8}: jakarta/validation/Validation> (0x0000000089a965c8) 
thrown [t:\workspace\open\src\hotspot\share\classfile\systemDictionary.cpp, line 245]
Event: 1.917 Thread 0x0000023215573110 Exception <a 'java/lang/NoSuchMethodError'{0x0000000089ed5a10}: 'int java.lang.invoke.DirectMethodHandle$Holder.invokeSpecial(java.lang.Object, java.lang.Object, java.lang.Object, java.lang.Object, java.lang.Object)'> (0x0000000089ed5a10) 
thrown [t:\workspace\open\src\hotspot\share\interpreter\linkResolver.cpp, line 766]
Event: 1.920 Thread 0x0000023215573110 Exception <a 'java/lang/NoSuchMethodError'{0x0000000089edeb10}: 'void java.lang.invoke.DirectMethodHandle$Holder.invokeVirtual(java.lang.Object, java.lang.Object)'> (0x0000000089edeb10) 
thrown [t:\workspace\open\src\hotspot\share\interpreter\linkResolver.cpp, line 766]
Event: 1.962 Thread 0x000002323501faa0 Exception <a 'java/lang/NoSuchMethodError'{0x0000000089a09c38}: 'long java.lang.invoke.DirectMethodHandle$Holder.invokeSpecial(java.lang.Object, java.lang.Object)'> (0x0000000089a09c38) 
thrown [t:\workspace\open\src\hotspot\share\interpreter\linkResolver.cpp, line 766]
Event: 1.965 Thread 0x000002323501faa0 Exception <a 'java/lang/NoSuchMethodError'{0x0000000089a14e60}: 'long java.lang.invoke.DirectMethodHandle$Holder.invokeStatic(java.lang.Object, java.lang.Object)'> (0x0000000089a14e60) 
thrown [t:\workspace\open\src\hotspot\share\interpreter\linkResolver.cpp, line 766]
Event: 1.966 Thread 0x000002323501faa0 Exception <a 'java/lang/NoSuchMethodError'{0x0000000089a18460}: 'long java.lang.invoke.DirectMethodHandle$Holder.invokeStaticInit(java.lang.Object, java.lang.Object)'> (0x0000000089a18460) 
thrown [t:\workspace\open\src\hotspot\share\interpreter\linkResolver.cpp, line 766]
Event: 1.970 Thread 0x000002323501faa0 Exception <a 'java/lang/NoSuchMethodError'{0x0000000089a26058}: 'long java.lang.invoke.DirectMethodHandle$Holder.invokeInterface(java.lang.Object, java.lang.Object)'> (0x0000000089a26058) 
thrown [t:\workspace\open\src\hotspot\share\interpreter\linkResolver.cpp, line 766]
Event: 1.970 Thread 0x000002323501faa0 Exception <a 'java/lang/IncompatibleClassChangeError'{0x0000000089a295e8}: Found class java.lang.Object, but interface was expected> (0x0000000089a295e8) 
thrown [t:\workspace\open\src\hotspot\share\interpreter\linkResolver.cpp, line 833]
Event: 1.989 Thread 0x000002323501faa0 Exception <a 'java/lang/NoSuchMethodError'{0x0000000089917748}: 'java.lang.Object java.lang.invoke.DirectMethodHandle$Holder.invokeVirtual(java.lang.Object, java.lang.Object, java.lang.Object, java.lang.Object)'> (0x0000000089917748) 
thrown [t:\workspace\open\src\hotspot\share\interpreter\linkResolver.cpp, line 766]
Event: 2.128 Thread 0x0000023215573110 Exception <a 'java/lang/IncompatibleClassChangeError'{0x0000000089405660}: Found class java.lang.Object, but interface was expected> (0x0000000089405660) 
thrown [t:\workspace\open\src\hotspot\share\interpreter\linkResolver.cpp, line 833]
Event: 2.162 Thread 0x0000023215573110 Exception <a 'java/lang/NoSuchMethodError'{0x00000000893334c8}: 'void java.lang.invoke.DirectMethodHandle$Holder.invokeInterface(java.lang.Object, java.lang.Object, java.lang.Object, java.lang.Object)'> (0x00000000893334c8) 
thrown [t:\workspace\open\src\hotspot\share\interpreter\linkResolver.cpp, line 766]

VM Operations (20 events):
Event: 1.143 Executing VM operation: G1CollectForAllocation
Event: 1.151 Executing VM operation: G1CollectForAllocation done
Event: 1.316 Executing VM operation: HandshakeAllThreads
Event: 1.316 Executing VM operation: HandshakeAllThreads done
Event: 1.452 Executing VM operation: HandshakeAllThreads
Event: 1.452 Executing VM operation: HandshakeAllThreads done
Event: 1.452 Executing VM operation: HandshakeAllThreads
Event: 1.452 Executing VM operation: HandshakeAllThreads done
Event: 1.655 Executing VM operation: HandshakeAllThreads
Event: 1.655 Executing VM operation: HandshakeAllThreads done
Event: 1.782 Executing VM operation: G1CollectForAllocation
Event: 1.792 Executing VM operation: G1CollectForAllocation done
Event: 1.863 Executing VM operation: HandshakeAllThreads
Event: 1.863 Executing VM operation: HandshakeAllThreads done
Event: 1.892 Executing VM operation: HandshakeAllThreads
Event: 1.892 Executing VM operation: HandshakeAllThreads done
Event: 2.330 Executing VM operation: ICBufferFull
Event: 2.330 Executing VM operation: ICBufferFull done
Event: 2.533 Executing VM operation: HandshakeAllThreads
Event: 2.533 Executing VM operation: HandshakeAllThreads done

Events (20 events):
Event: 1.923 loading class java/util/regex/Pattern$LazyLoop done
Event: 1.924 loading class java/util/regex/Pattern$Prolog
Event: 1.924 loading class java/util/regex/Pattern$Prolog done
Event: 1.935 loading class java/lang/AssertionError
Event: 1.935 loading class java/lang/AssertionError done
Event: 1.947 loading class java/util/regex/Pattern$BnM
Event: 1.947 loading class java/util/regex/Pattern$BnM done
Event: 1.947 loading class java/util/regex/Pattern$Pos
Event: 1.947 loading class java/util/regex/Pattern$Pos done
Event: 1.994 Thread 0x000002323501faa0 Thread exited: 0x000002323501faa0
Event: 2.049 Thread 0x000002323501faa0 Thread added: 0x000002323501faa0
Event: 2.069 loading class javax/naming/ldap/LdapContext
Event: 2.069 loading class javax/naming/directory/DirContext
Event: 2.069 loading class javax/naming/directory/DirContext done
Event: 2.070 loading class javax/naming/ldap/LdapContext done
Event: 2.084 Thread 0x000002323501faa0 Thread exited: 0x000002323501faa0
Event: 2.312 loading class java/beans/PropertyVetoException
Event: 2.312 loading class java/beans/PropertyVetoException done
Event: 2.335 loading class java/nio/charset/CharacterCodingException
Event: 2.335 loading class java/nio/charset/CharacterCodingException done


Dynamic libraries:
0x00007ff681b80000 - 0x00007ff681b90000 	C:\Program Files\Java\jdk-17\bin\java.exe
0x00007ffc52310000 - 0x00007ffc52508000 	C:\Windows\SYSTEM32\ntdll.dll
0x00007ffc50c30000 - 0x00007ffc50cef000 	C:\Windows\System32\KERNEL32.DLL
0x00007ffc4fba0000 - 0x00007ffc4fe72000 	C:\Windows\System32\KERNELBASE.dll
0x00007ffc50190000 - 0x00007ffc50290000 	C:\Windows\System32\ucrtbase.dll
0x00007ffc230c0000 - 0x00007ffc230d8000 	C:\Program Files\Java\jdk-17\bin\jli.dll
0x00007ffc52220000 - 0x00007ffc522ce000 	C:\Windows\System32\ADVAPI32.dll
0x00007ffc52180000 - 0x00007ffc5221e000 	C:\Windows\System32\msvcrt.dll
0x00007ffc504b0000 - 0x00007ffc5054c000 	C:\Windows\System32\sechost.dll
0x00007ffc50af0000 - 0x00007ffc50c15000 	C:\Windows\System32\RPCRT4.dll
0x00007ffc51780000 - 0x00007ffc5191d000 	C:\Windows\System32\USER32.dll
0x00007ffc4fb20000 - 0x00007ffc4fb42000 	C:\Windows\System32\win32u.dll
0x00007ffc51750000 - 0x00007ffc5177b000 	C:\Windows\System32\GDI32.dll
0x00007ffc4fa10000 - 0x00007ffc4fb1f000 	C:\Windows\System32\gdi32full.dll
0x00007ffc502c0000 - 0x00007ffc5035d000 	C:\Windows\System32\msvcp_win.dll
0x00007ffc230a0000 - 0x00007ffc230ba000 	C:\Program Files\Java\jdk-17\bin\VCRUNTIME140.dll
0x00007ffc34bb0000 - 0x00007ffc34e4a000 	C:\Windows\WinSxS\amd64_microsoft.windows.common-controls_6595b64144ccf1df_6.0.19041.1110_none_60b5254171f9507e\COMCTL32.dll
0x00007ffc48df0000 - 0x00007ffc48dfa000 	C:\Windows\SYSTEM32\VERSION.dll
0x00007ffc503c0000 - 0x00007ffc503f2000 	C:\Windows\System32\IMM32.DLL
0x00007ffc247b0000 - 0x00007ffc24908000 	C:\Program Files (x86)\Citrix\ICA Client\epclient64.dll
0x00007ffc50290000 - 0x00007ffc502b7000 	C:\Windows\System32\bcrypt.dll
0x00007ffc51a60000 - 0x00007ffc51db4000 	C:\Windows\System32\combase.dll
0x00007ffc4eb60000 - 0x00007ffc4eb93000 	C:\Windows\SYSTEM32\ntmarta.dll
0x00007ffc4e220000 - 0x00007ffc4e232000 	C:\Windows\SYSTEM32\kernel.appcore.dll
0x00007ffc50100000 - 0x00007ffc50182000 	C:\Windows\System32\bcryptprimitives.dll
0x00007ffc23090000 - 0x00007ffc2309c000 	C:\Program Files\Java\jdk-17\bin\vcruntime140_1.dll
0x00007ffc23000000 - 0x00007ffc2308d000 	C:\Program Files\Java\jdk-17\bin\msvcp140.dll
0x00007ffc22440000 - 0x00007ffc22ffe000 	C:\Program Files\Java\jdk-17\bin\server\jvm.dll
0x00007ffc509c0000 - 0x00007ffc509c8000 	C:\Windows\System32\PSAPI.DLL
0x00007ffc25ba0000 - 0x00007ffc25ba9000 	C:\Windows\SYSTEM32\WSOCK32.dll
0x0000023214ca0000 - 0x0000023214d0b000 	C:\Windows\System32\WS2_32.dll
0x00007ffc33dd0000 - 0x00007ffc33df7000 	C:\Windows\SYSTEM32\WINMM.dll
0x00007ffc223d0000 - 0x00007ffc223da000 	C:\Program Files\Java\jdk-17\bin\jimage.dll
0x00007ffc4d620000 - 0x00007ffc4d804000 	C:\Windows\SYSTEM32\DBGHELP.DLL
0x00007ffc2d740000 - 0x00007ffc2d76c000 	C:\Windows\SYSTEM32\dbgcore.DLL
0x00007ffc4cd90000 - 0x00007ffc4cd9e000 	C:\Program Files\Java\jdk-17\bin\instrument.dll
0x00007ffc223a0000 - 0x00007ffc223c5000 	C:\Program Files\Java\jdk-17\bin\java.dll
0x00007ffc222c0000 - 0x00007ffc22396000 	C:\Program Files\Java\jdk-17\bin\svml.dll
0x00007ffc50fa0000 - 0x00007ffc516e3000 	C:\Windows\System32\SHELL32.dll
0x00007ffc4da70000 - 0x00007ffc4e202000 	C:\Windows\SYSTEM32\windows.storage.dll
0x00007ffc4f470000 - 0x00007ffc4f4a0000 	C:\Windows\SYSTEM32\Wldp.dll
0x00007ffc51fa0000 - 0x00007ffc5204d000 	C:\Windows\System32\SHCORE.dll
0x00007ffc516f0000 - 0x00007ffc51745000 	C:\Windows\System32\shlwapi.dll
0x00007ffc4f950000 - 0x00007ffc4f96f000 	C:\Windows\SYSTEM32\profapi.dll
0x00007ffc21e00000 - 0x00007ffc21e18000 	C:\Program Files\Java\jdk-17\bin\zip.dll
0x00007ffc21e60000 - 0x00007ffc21e79000 	C:\Program Files\Java\jdk-17\bin\net.dll
0x00007ffc3bdd0000 - 0x00007ffc3bedc000 	C:\Windows\SYSTEM32\WINHTTP.dll
0x00007ffc4f180000 - 0x00007ffc4f1ea000 	C:\Windows\system32\mswsock.dll
0x00007ffc21db0000 - 0x00007ffc21dc5000 	C:\Program Files\Java\jdk-17\bin\nio.dll
0x00007ffc2dcb0000 - 0x00007ffc2dcca000 	C:\Program Files\JetBrains\IntelliJ IDEA Educational Edition 2021.3.3\bin\breakgen64.dll
0x00007ffc18f50000 - 0x00007ffc18f60000 	C:\Program Files\Java\jdk-17\bin\verify.dll

dbghelp: loaded successfully - version: 4.0.5 - missing functions: none
symbol engine: initialized successfully - sym options: 0x614 - pdb path: .;C:\Program Files\Java\jdk-17\bin;C:\Windows\SYSTEM32;C:\Windows\WinSxS\amd64_microsoft.windows.common-controls_6595b64144ccf1df_6.0.19041.1110_none_60b5254171f9507e;C:\Program Files (x86)\Citrix\ICA Client;C:\Program Files\Java\jdk-17\bin\server;C:\Program Files\JetBrains\IntelliJ IDEA Educational Edition 2021.3.3\bin

VM Arguments:
jvm_args: -javaagent:C:\Program Files\JetBrains\IntelliJ IDEA Educational Edition 2021.3.3\lib\idea_rt.jar=58055:C:\Program Files\JetBrains\IntelliJ IDEA Educational Edition 2021.3.3\bin -Dfile.encoding=UTF-8 
java_command: com.project.AtDevAssignmentApplication
java_class_path (initial): C:\Program Files\Java\jdk1.8.0_202\jre\lib\charsets.jar;C:\Program Files\Java\jdk1.8.0_202\jre\lib\deploy.jar;C:\Program Files\Java\jdk1.8.0_202\jre\lib\ext\access-bridge-64.jar;C:\Program Files\Java\jdk1.8.0_202\jre\lib\ext\cldrdata.jar;C:\Program Files\Java\jdk1.8.0_202\jre\lib\ext\dnsns.jar;C:\Program Files\Java\jdk1.8.0_202\jre\lib\ext\jaccess.jar;C:\Program Files\Java\jdk1.8.0_202\jre\lib\ext\jfxrt.jar;C:\Program Files\Java\jdk1.8.0_202\jre\lib\ext\localedata.jar;C:\Program Files\Java\jdk1.8.0_202\jre\lib\ext\nashorn.jar;C:\Program Files\Java\jdk1.8.0_202\jre\lib\ext\sunec.jar;C:\Program Files\Java\jdk1.8.0_202\jre\lib\ext\sunjce_provider.jar;C:\Program Files\Java\jdk1.8.0_202\jre\lib\ext\sunmscapi.jar;C:\Program Files\Java\jdk1.8.0_202\jre\lib\ext\sunpkcs11.jar;C:\Program Files\Java\jdk1.8.0_202\jre\lib\ext\zipfs.jar;C:\Program Files\Java\jdk1.8.0_202\jre\lib\javaws.jar;C:\Program Files\Java\jdk1.8.0_202\jre\lib\jce.jar;C:\Program Files\Java\jdk1.8.0_202\jre\lib\jfr.jar;C:\Program Files\Java\jdk1.8.0_202\jre\lib\jfxswt.jar;C:\Program Files\Java\jdk1.8.0_202\jre\lib\jsse.jar;C:\Program Files\Java\jdk1.8.0_202\jre\lib\management-agent.jar;C:\Program Files\Java\jdk1.8.0_202\jre\lib\plugin.jar;C:\Program Files\Java\jdk1.8.0_202\jre\lib\resources.jar;C:\Program Files\Java\jdk1.8.0_202\jre\lib\rt.jar;C:\Users\hp\Documents\project\ATDev_Assignment\ATDev_Assignment\target\classes;C:\Users\hp\.m2\repository\org\springframework\boot\spring-boot-starter-data-jpa\3.0.0\spring-boot-starter-data-jpa-3.0.0.jar;C:\Users\hp\.m2\repository\org\springframework\boot\spring-boot-starter-aop\3.0.0\spring-boot-starter-aop-3.0.0.jar;C:\Users\hp\.m2\repository\org\springframework\spring-aop\6.0.2\spring-aop-6.0.2.jar;C:\Users\hp\.m2\repository\org\aspectj\aspectjweaver\1.9.9.1\aspectjweaver-1.9.9.1.jar;C:\Users\hp\.m2\repository\org\springframework\boot\spring-boot-starter-jdbc\3.0.0\spring-boot-starter-jdbc-3.0.0.jar;C:\Users\hp\.m2\repository\com\zaxxer\
Launcher Type: SUN_STANDARD

[Global flags]
     intx CICompilerCount                          = 4                                         {product} {ergonomic}
     uint ConcGCThreads                            = 2                                         {product} {ergonomic}
     uint G1ConcRefinementThreads                  = 8                                         {product} {ergonomic}
   size_t G1HeapRegionSize                         = 1048576                                   {product} {ergonomic}
    uintx GCDrainStackTargetSize                   = 64                                        {product} {ergonomic}
   size_t InitialHeapSize                          = 132120576                                 {product} {ergonomic}
   size_t MarkStackSize                            = 4194304                                   {product} {ergonomic}
   size_t MaxHeapSize                              = 2107637760                                {product} {ergonomic}
   size_t MaxNewSize                               = 1264582656                                {product} {ergonomic}
   size_t MinHeapDeltaBytes                        = 1048576                                   {product} {ergonomic}
   size_t MinHeapSize                              = 8388608                                   {product} {ergonomic}
    uintx NonNMethodCodeHeapSize                   = 5839372                                {pd product} {ergonomic}
    uintx NonProfiledCodeHeapSize                  = 122909434                              {pd product} {ergonomic}
    uintx ProfiledCodeHeapSize                     = 122909434                              {pd product} {ergonomic}
    uintx ReservedCodeCacheSize                    = 251658240                              {pd product} {ergonomic}
     bool SegmentedCodeCache                       = true                                      {product} {ergonomic}
   size_t SoftMaxHeapSize                          = 2107637760                             {manageable} {ergonomic}
     bool UseCompressedClassPointers               = true                           {product lp64_product} {ergonomic}
     bool UseCompressedOops                        = true                           {product lp64_product} {ergonomic}
     bool UseG1GC                                  = true                                      {product} {ergonomic}
     bool UseLargePagesIndividualAllocation        = false                                  {pd product} {ergonomic}

Logging:
Log output configuration:
 #0: stdout all=warning uptime,level,tags
 #1: stderr all=off uptime,level,tags

Environment Variables:
JAVA_HOME=C:\Program Files\Java\jdk-17
PATH=C:\Program Files (x86)\Common Files\Oracle\Java\javapath;C:\Python310\Scripts\;C:\Python310\;C:\Program Files\Common Files\Oracle\Java\javapath;C:\Windows\system32;C:\Windows;C:\Windows\System32\Wbem;C:\Windows\System32\WindowsPowerShell\v1.0\;C:\Windows\System32\OpenSSH\;C:\Program Files\Java\jdk-17\bin;C:\Program Files\Maven\apache-maven-3.8.6\bin;C:\Program Files (x86)\Microsoft SQL Server\150\DTS\Binn\;C:\Program Files\Azure Data Studio\bin;C:\Program Files\Git\cmd;C:\Program Files\Microsoft SQL Server\Client SDK\ODBC\170\Tools\Binn\;C:\Program Files (x86)\Microsoft SQL Server\150\Tools\Binn\;C:\Program Files\Microsoft SQL Server\150\Tools\Binn\;C:\Program Files\Microsoft SQL Server\150\DTS\Binn\;C:\Program Files\nodejs\;C:\ProgramData\chocolatey\bin;C:\Program Files\PuTTY\;C:\Program Files\Docker\Docker\resources\bin;C:\ProgramData\DockerDesktop\version-bin;C:\Program Files\MySQL\MySQL Shell 8.0\bin\;C:\Users\hp\AppData\Local\Microsoft\WindowsApps;;C:\Program Files\JetBrains\IntelliJ IDEA Educational Edition 2021.3.3\bin;;C:\Program Files\Azure Data Studio\bin;C:\Users\hp\AppData\Local\Programs\Microsoft VS Code\bin;C:\Users\hp\AppData\Roaming\npm
USERNAME=hp
OS=Windows_NT
PROCESSOR_IDENTIFIER=Intel64 Family 6 Model 158 Stepping 10, GenuineIntel



---------------  S Y S T E M  ---------------

OS:
 Windows 10 , 64 bit Build 19041 (10.0.19041.2251)
OS uptime: 6 days 18:54 hours
Hyper-V role detected

CPU: total 8 (initial active 8) (4 cores per cpu, 2 threads per core) family 6 model 158 stepping 10 microcode 0xd6, cx8, cmov, fxsr, ht, mmx, 3dnowpref, sse, sse2, sse3, ssse3, sse4.1, sse4.2, popcnt, lzcnt, tsc, tscinvbit, avx, avx2, aes, erms, clmul, bmi1, bmi2, adx, fma, vzeroupper, clflush, clflushopt, hv

Memory: 4k page, system-wide physical 8033M (498M free)
TotalPageFile size 22745M (AvailPageFile size 0M)
current process WorkingSet (physical memory assigned to process): 130M, peak: 130M
current process commit charge ("private bytes"): 255M, peak: 257M

vm_info: Java HotSpot(TM) 64-Bit Server VM (17+35-LTS-2724) for windows-amd64 JRE (17+35-LTS-2724), built on Aug  5 2021 23:28:28 by "mach5one" with MS VC++ 16.8 (VS2019)

END.
