#
# There is insufficient memory for the Java Runtime Environment to continue.
# Native memory allocation (malloc) failed to allocate 32744 bytes for ChunkPool::allocate
# Possible reasons:
#   The system is out of physical RAM or swap space
#   The process is running with CompressedOops enabled, and the Java Heap may be blocking the growth of the native heap
# Possible solutions:
#   Reduce memory load on the system
#   Increase physical memory or swap space
#   Check if swap backing store is full
#   Decrease Java heap size (-Xmx/-Xms)
#   Decrease number of Java threads
#   Decrease Java thread stack sizes (-Xss)
#   Set larger code cache with -XX:ReservedCodeCacheSize=
#   JVM is running with Unscaled Compressed Oops mode in which the Java heap is
#     placed in the first 4GB address space. The Java Heap base address is the
#     maximum limit for the native heap growth. Please use -XX:HeapBaseMinAddress
#     to set the Java Heap base and to place the Java Heap above 4GB virtual address.
# This output file may be truncated or incomplete.
#
#  Out of Memory Error (arena.cpp:78), pid=2184, tid=14692
#
# JRE version: Java(TM) SE Runtime Environment (17.0+35) (build 17+35-LTS-2724)
# Java VM: Java HotSpot(TM) 64-Bit Server VM (17+35-LTS-2724, mixed mode, sharing, tiered, compressed oops, compressed class ptrs, g1 gc, windows-amd64)
# No core dump will be written. Minidumps are not enabled by default on client versions of Windows
#

---------------  S U M M A R Y ------------

Command Line: -javaagent:C:\Program Files\JetBrains\IntelliJ IDEA Educational Edition 2021.3.3\lib\idea_rt.jar=58527:C:\Program Files\JetBrains\IntelliJ IDEA Educational Edition 2021.3.3\bin -Dfile.encoding=UTF-8 com.project.AtDevAssignmentApplication

Host: Intel(R) Core(TM) i5-9300H CPU @ 2.40GHz, 8 cores, 7G,  Windows 10 , 64 bit Build 19041 (10.0.19041.2251)
Time: Wed Dec  7 14:22:43 2022 India Standard Time elapsed time: 0.805416 seconds (0d 0h 0m 0s)

---------------  T H R E A D  ---------------

Current thread (0x000001c2633575d0):  JavaThread "C2 CompilerThread1" daemon [_thread_in_native, id=14692, stack(0x0000003740500000,0x0000003740600000)]


Current CompileTask:
C2:    805  606       4       java.util.jar.JarFile::getEntry (35 bytes)

Stack: [0x0000003740500000,0x0000003740600000]
Native frames: (J=compiled Java code, j=interpreted, Vv=VM code, C=native code)
V  [jvm.dll+0x66f8ea]
V  [jvm.dll+0x7ce224]
V  [jvm.dll+0x7cf9ce]
V  [jvm.dll+0x7d0033]
V  [jvm.dll+0x242bb5]
V  [jvm.dll+0xaa2a0]
V  [jvm.dll+0xaa5ec]
V  [jvm.dll+0x5fc880]
V  [jvm.dll+0x6025d7]
V  [jvm.dll+0x603452]
V  [jvm.dll+0x6019b4]
V  [jvm.dll+0x215b18]
V  [jvm.dll+0x2150c1]
V  [jvm.dll+0x1a168d]
V  [jvm.dll+0x2248f8]
V  [jvm.dll+0x222a5c]
V  [jvm.dll+0x78422b]
V  [jvm.dll+0x77e7ea]
V  [jvm.dll+0x66e715]
C  [ucrtbase.dll+0x21bb2]
C  [KERNEL32.DLL+0x174b4]
C  [ntdll.dll+0x526a1]


---------------  P R O C E S S  ---------------

Threads class SMR info:
_java_thread_list=0x000001c20496f8e0, length=14, elements={
0x000001c26573afb0, 0x000001c27f377100, 0x000001c27f377e80, 0x000001c27f384430,
0x000001c27f3861c0, 0x000001c27f38bab0, 0x000001c27f391610, 0x000001c263355260,
0x000001c263357ae0, 0x000001c27f3ab790, 0x000001c27f390c70, 0x000001c2633575d0,
0x000001c27f38f460, 0x000001c27f391fb0
}

Java Threads: ( => current thread )
  0x000001c26573afb0 JavaThread "main" [_thread_in_vm, id=20020, stack(0x000000373f400000,0x000000373f500000)]
  0x000001c27f377100 JavaThread "Reference Handler" daemon [_thread_blocked, id=19488, stack(0x000000373fb00000,0x000000373fc00000)]
  0x000001c27f377e80 JavaThread "Finalizer" daemon [_thread_blocked, id=6744, stack(0x000000373fc00000,0x000000373fd00000)]
  0x000001c27f384430 JavaThread "Signal Dispatcher" daemon [_thread_blocked, id=20296, stack(0x000000373fd00000,0x000000373fe00000)]
  0x000001c27f3861c0 JavaThread "Attach Listener" daemon [_thread_blocked, id=7508, stack(0x000000373fe00000,0x000000373ff00000)]
  0x000001c27f38bab0 JavaThread "Service Thread" daemon [_thread_blocked, id=4424, stack(0x000000373ff00000,0x0000003740000000)]
  0x000001c27f391610 JavaThread "Monitor Deflation Thread" daemon [_thread_blocked, id=14720, stack(0x0000003740000000,0x0000003740100000)]
  0x000001c263355260 JavaThread "C2 CompilerThread0" daemon [_thread_in_native, id=20312, stack(0x0000003740100000,0x0000003740200000)]
  0x000001c263357ae0 JavaThread "C1 CompilerThread0" daemon [_thread_in_native, id=8316, stack(0x0000003740200000,0x0000003740300000)]
  0x000001c27f3ab790 JavaThread "Sweeper thread" daemon [_thread_blocked, id=8344, stack(0x0000003740300000,0x0000003740400000)]
  0x000001c27f390c70 JavaThread "Common-Cleaner" daemon [_thread_blocked, id=21372, stack(0x0000003740400000,0x0000003740500000)]
=>0x000001c2633575d0 JavaThread "C2 CompilerThread1" daemon [_thread_in_native, id=14692, stack(0x0000003740500000,0x0000003740600000)]
  0x000001c27f38f460 JavaThread "Monitor Ctrl-Break" daemon [_thread_in_native, id=13976, stack(0x0000003740600000,0x0000003740700000)]
  0x000001c27f391fb0 JavaThread "Notification Thread" daemon [_thread_blocked, id=19192, stack(0x0000003740700000,0x0000003740800000)]

Other Threads:
  0x000001c27f370520 VMThread "VM Thread" [stack: 0x000000373fa00000,0x000000373fb00000] [id=14428]
  0x000001c263352270 WatcherThread [stack: 0x0000003740800000,0x0000003740900000] [id=20624]
  0x000001c265777940 GCTaskThread "GC Thread#0" [stack: 0x000000373f500000,0x000000373f600000] [id=12444]
  0x000001c265789ab0 ConcurrentGCThread "G1 Main Marker" [stack: 0x000000373f600000,0x000000373f700000] [id=1500]
  0x000001c26578af40 ConcurrentGCThread "G1 Conc#0" [stack: 0x000000373f700000,0x000000373f800000] [id=17492]
  0x000001c2657ce2d0 ConcurrentGCThread "G1 Refine#0" [stack: 0x000000373f800000,0x000000373f900000] [id=18828]
  0x000001c2657cec00 ConcurrentGCThread "G1 Service" [stack: 0x000000373f900000,0x000000373fa00000] [id=1480]

Threads with active compile tasks:
C2 CompilerThread0      844  699       4       java.util.Arrays::copyOfRange (64 bytes)
C1 CompilerThread0      844  695       3       java.net.URLStreamHandler::parseURL (1201 bytes)
C2 CompilerThread1      844  606       4       java.util.jar.JarFile::getEntry (35 bytes)

VM state: not at safepoint (normal execution)

VM Mutex/Monitor currently owned by a thread: None

Heap address: 0x0000000082600000, size: 2010 MB, Compressed Oops mode: 32-bit

CDS archive(s) mapped at: [0x0000000800000000-0x0000000800bc0000-0x0000000800bc0000), size 12320768, SharedBaseAddress: 0x0000000800000000, ArchiveRelocationMode: 0.
Compressed class space mapped at: 0x0000000800c00000-0x0000000840c00000, reserved size: 1073741824
Narrow klass base: 0x0000000800000000, Narrow klass shift: 0, Narrow klass range: 0x100000000

GC Precious Log:
 CPUs: 8 total, 8 available
 Memory: 8033M
 Large Page Support: Disabled
 NUMA Support: Disabled
 Compressed Oops: Enabled (32-bit)
 Heap Region Size: 1M
 Heap Min Capacity: 8M
 Heap Initial Capacity: 126M
 Heap Max Capacity: 2010M
 Pre-touch: Disabled
 Parallel Workers: 8
 Concurrent Workers: 2
 Concurrent Refinement Workers: 8
 Periodic GC: Disabled

Heap:
 garbage-first heap   total 129024K, used 17408K [0x0000000082600000, 0x0000000100000000)
  region size 1024K, 15 young (15360K), 0 survivors (0K)
 Metaspace       used 2880K, committed 3072K, reserved 1056768K
  class space    used 283K, committed 384K, reserved 1048576K

Heap Regions: E=young(eden), S=young(survivor), O=old, HS=humongous(starts), HC=humongous(continues), CS=collection set, F=free, OA=open archive, CA=closed archive, TAMS=top-at-mark-start (previous, next)
|   0|0x0000000082600000, 0x0000000082700000, 0x0000000082700000|100%|HS|  |TAMS 0x0000000082600000, 0x0000000082600000| Complete 
|   1|0x0000000082700000, 0x0000000082800000, 0x0000000082800000|100%|HS|  |TAMS 0x0000000082700000, 0x0000000082700000| Complete 
|   2|0x0000000082800000, 0x0000000082900000, 0x0000000082900000|100%|HC|  |TAMS 0x0000000082800000, 0x0000000082800000| Complete 
|   3|0x0000000082900000, 0x0000000082a00000, 0x0000000082a00000|100%|HS|  |TAMS 0x0000000082900000, 0x0000000082900000| Complete 
|   4|0x0000000082a00000, 0x0000000082a00000, 0x0000000082b00000|  0%| F|  |TAMS 0x0000000082a00000, 0x0000000082a00000| Untracked 
|   5|0x0000000082b00000, 0x0000000082b00000, 0x0000000082c00000|  0%| F|  |TAMS 0x0000000082b00000, 0x0000000082b00000| Untracked 
|   6|0x0000000082c00000, 0x0000000082c00000, 0x0000000082d00000|  0%| F|  |TAMS 0x0000000082c00000, 0x0000000082c00000| Untracked 
|   7|0x0000000082d00000, 0x0000000082d00000, 0x0000000082e00000|  0%| F|  |TAMS 0x0000000082d00000, 0x0000000082d00000| Untracked 
|   8|0x0000000082e00000, 0x0000000082e00000, 0x0000000082f00000|  0%| F|  |TAMS 0x0000000082e00000, 0x0000000082e00000| Untracked 
|   9|0x0000000082f00000, 0x0000000082f00000, 0x0000000083000000|  0%| F|  |TAMS 0x0000000082f00000, 0x0000000082f00000| Untracked 
|  10|0x0000000083000000, 0x0000000083000000, 0x0000000083100000|  0%| F|  |TAMS 0x0000000083000000, 0x0000000083000000| Untracked 
|  11|0x0000000083100000, 0x0000000083100000, 0x0000000083200000|  0%| F|  |TAMS 0x0000000083100000, 0x0000000083100000| Untracked 
|  12|0x0000000083200000, 0x0000000083200000, 0x0000000083300000|  0%| F|  |TAMS 0x0000000083200000, 0x0000000083200000| Untracked 
|  13|0x0000000083300000, 0x0000000083300000, 0x0000000083400000|  0%| F|  |TAMS 0x0000000083300000, 0x0000000083300000| Untracked 
|  14|0x0000000083400000, 0x0000000083400000, 0x0000000083500000|  0%| F|  |TAMS 0x0000000083400000, 0x0000000083400000| Untracked 
|  15|0x0000000083500000, 0x0000000083500000, 0x0000000083600000|  0%| F|  |TAMS 0x0000000083500000, 0x0000000083500000| Untracked 
|  16|0x0000000083600000, 0x0000000083600000, 0x0000000083700000|  0%| F|  |TAMS 0x0000000083600000, 0x0000000083600000| Untracked 
|  17|0x0000000083700000, 0x0000000083700000, 0x0000000083800000|  0%| F|  |TAMS 0x0000000083700000, 0x0000000083700000| Untracked 
|  18|0x0000000083800000, 0x0000000083800000, 0x0000000083900000|  0%| F|  |TAMS 0x0000000083800000, 0x0000000083800000| Untracked 
|  19|0x0000000083900000, 0x0000000083900000, 0x0000000083a00000|  0%| F|  |TAMS 0x0000000083900000, 0x0000000083900000| Untracked 
|  20|0x0000000083a00000, 0x0000000083a00000, 0x0000000083b00000|  0%| F|  |TAMS 0x0000000083a00000, 0x0000000083a00000| Untracked 
|  21|0x0000000083b00000, 0x0000000083b00000, 0x0000000083c00000|  0%| F|  |TAMS 0x0000000083b00000, 0x0000000083b00000| Untracked 
|  22|0x0000000083c00000, 0x0000000083c00000, 0x0000000083d00000|  0%| F|  |TAMS 0x0000000083c00000, 0x0000000083c00000| Untracked 
|  23|0x0000000083d00000, 0x0000000083d00000, 0x0000000083e00000|  0%| F|  |TAMS 0x0000000083d00000, 0x0000000083d00000| Untracked 
|  24|0x0000000083e00000, 0x0000000083e00000, 0x0000000083f00000|  0%| F|  |TAMS 0x0000000083e00000, 0x0000000083e00000| Untracked 
|  25|0x0000000083f00000, 0x0000000083f00000, 0x0000000084000000|  0%| F|  |TAMS 0x0000000083f00000, 0x0000000083f00000| Untracked 
|  26|0x0000000084000000, 0x0000000084000000, 0x0000000084100000|  0%| F|  |TAMS 0x0000000084000000, 0x0000000084000000| Untracked 
|  27|0x0000000084100000, 0x0000000084100000, 0x0000000084200000|  0%| F|  |TAMS 0x0000000084100000, 0x0000000084100000| Untracked 
|  28|0x0000000084200000, 0x0000000084200000, 0x0000000084300000|  0%| F|  |TAMS 0x0000000084200000, 0x0000000084200000| Untracked 
|  29|0x0000000084300000, 0x0000000084300000, 0x0000000084400000|  0%| F|  |TAMS 0x0000000084300000, 0x0000000084300000| Untracked 
|  30|0x0000000084400000, 0x0000000084400000, 0x0000000084500000|  0%| F|  |TAMS 0x0000000084400000, 0x0000000084400000| Untracked 
|  31|0x0000000084500000, 0x0000000084500000, 0x0000000084600000|  0%| F|  |TAMS 0x0000000084500000, 0x0000000084500000| Untracked 
|  32|0x0000000084600000, 0x0000000084600000, 0x0000000084700000|  0%| F|  |TAMS 0x0000000084600000, 0x0000000084600000| Untracked 
|  33|0x0000000084700000, 0x0000000084700000, 0x0000000084800000|  0%| F|  |TAMS 0x0000000084700000, 0x0000000084700000| Untracked 
|  34|0x0000000084800000, 0x0000000084800000, 0x0000000084900000|  0%| F|  |TAMS 0x0000000084800000, 0x0000000084800000| Untracked 
|  35|0x0000000084900000, 0x0000000084900000, 0x0000000084a00000|  0%| F|  |TAMS 0x0000000084900000, 0x0000000084900000| Untracked 
|  36|0x0000000084a00000, 0x0000000084a00000, 0x0000000084b00000|  0%| F|  |TAMS 0x0000000084a00000, 0x0000000084a00000| Untracked 
|  37|0x0000000084b00000, 0x0000000084b00000, 0x0000000084c00000|  0%| F|  |TAMS 0x0000000084b00000, 0x0000000084b00000| Untracked 
|  38|0x0000000084c00000, 0x0000000084c00000, 0x0000000084d00000|  0%| F|  |TAMS 0x0000000084c00000, 0x0000000084c00000| Untracked 
|  39|0x0000000084d00000, 0x0000000084d00000, 0x0000000084e00000|  0%| F|  |TAMS 0x0000000084d00000, 0x0000000084d00000| Untracked 
|  40|0x0000000084e00000, 0x0000000084e00000, 0x0000000084f00000|  0%| F|  |TAMS 0x0000000084e00000, 0x0000000084e00000| Untracked 
|  41|0x0000000084f00000, 0x0000000084f00000, 0x0000000085000000|  0%| F|  |TAMS 0x0000000084f00000, 0x0000000084f00000| Untracked 
|  42|0x0000000085000000, 0x0000000085000000, 0x0000000085100000|  0%| F|  |TAMS 0x0000000085000000, 0x0000000085000000| Untracked 
|  43|0x0000000085100000, 0x0000000085100000, 0x0000000085200000|  0%| F|  |TAMS 0x0000000085100000, 0x0000000085100000| Untracked 
|  44|0x0000000085200000, 0x0000000085200000, 0x0000000085300000|  0%| F|  |TAMS 0x0000000085200000, 0x0000000085200000| Untracked 
|  45|0x0000000085300000, 0x0000000085300000, 0x0000000085400000|  0%| F|  |TAMS 0x0000000085300000, 0x0000000085300000| Untracked 
|  46|0x0000000085400000, 0x0000000085400000, 0x0000000085500000|  0%| F|  |TAMS 0x0000000085400000, 0x0000000085400000| Untracked 
|  47|0x0000000085500000, 0x0000000085500000, 0x0000000085600000|  0%| F|  |TAMS 0x0000000085500000, 0x0000000085500000| Untracked 
|  48|0x0000000085600000, 0x0000000085600000, 0x0000000085700000|  0%| F|  |TAMS 0x0000000085600000, 0x0000000085600000| Untracked 
|  49|0x0000000085700000, 0x0000000085700000, 0x0000000085800000|  0%| F|  |TAMS 0x0000000085700000, 0x0000000085700000| Untracked 
|  50|0x0000000085800000, 0x0000000085800000, 0x0000000085900000|  0%| F|  |TAMS 0x0000000085800000, 0x0000000085800000| Untracked 
|  51|0x0000000085900000, 0x0000000085900000, 0x0000000085a00000|  0%| F|  |TAMS 0x0000000085900000, 0x0000000085900000| Untracked 
|  52|0x0000000085a00000, 0x0000000085a00000, 0x0000000085b00000|  0%| F|  |TAMS 0x0000000085a00000, 0x0000000085a00000| Untracked 
|  53|0x0000000085b00000, 0x0000000085b00000, 0x0000000085c00000|  0%| F|  |TAMS 0x0000000085b00000, 0x0000000085b00000| Untracked 
|  54|0x0000000085c00000, 0x0000000085c00000, 0x0000000085d00000|  0%| F|  |TAMS 0x0000000085c00000, 0x0000000085c00000| Untracked 
|  55|0x0000000085d00000, 0x0000000085d00000, 0x0000000085e00000|  0%| F|  |TAMS 0x0000000085d00000, 0x0000000085d00000| Untracked 
|  56|0x0000000085e00000, 0x0000000085e00000, 0x0000000085f00000|  0%| F|  |TAMS 0x0000000085e00000, 0x0000000085e00000| Untracked 
|  57|0x0000000085f00000, 0x0000000085f00000, 0x0000000086000000|  0%| F|  |TAMS 0x0000000085f00000, 0x0000000085f00000| Untracked 
|  58|0x0000000086000000, 0x0000000086000000, 0x0000000086100000|  0%| F|  |TAMS 0x0000000086000000, 0x0000000086000000| Untracked 
|  59|0x0000000086100000, 0x0000000086100000, 0x0000000086200000|  0%| F|  |TAMS 0x0000000086100000, 0x0000000086100000| Untracked 
|  60|0x0000000086200000, 0x0000000086200000, 0x0000000086300000|  0%| F|  |TAMS 0x0000000086200000, 0x0000000086200000| Untracked 
|  61|0x0000000086300000, 0x0000000086300000, 0x0000000086400000|  0%| F|  |TAMS 0x0000000086300000, 0x0000000086300000| Untracked 
|  62|0x0000000086400000, 0x0000000086400000, 0x0000000086500000|  0%| F|  |TAMS 0x0000000086400000, 0x0000000086400000| Untracked 
|  63|0x0000000086500000, 0x0000000086500000, 0x0000000086600000|  0%| F|  |TAMS 0x0000000086500000, 0x0000000086500000| Untracked 
|  64|0x0000000086600000, 0x0000000086600000, 0x0000000086700000|  0%| F|  |TAMS 0x0000000086600000, 0x0000000086600000| Untracked 
|  65|0x0000000086700000, 0x0000000086700000, 0x0000000086800000|  0%| F|  |TAMS 0x0000000086700000, 0x0000000086700000| Untracked 
|  66|0x0000000086800000, 0x0000000086800000, 0x0000000086900000|  0%| F|  |TAMS 0x0000000086800000, 0x0000000086800000| Untracked 
|  67|0x0000000086900000, 0x0000000086900000, 0x0000000086a00000|  0%| F|  |TAMS 0x0000000086900000, 0x0000000086900000| Untracked 
|  68|0x0000000086a00000, 0x0000000086a00000, 0x0000000086b00000|  0%| F|  |TAMS 0x0000000086a00000, 0x0000000086a00000| Untracked 
|  69|0x0000000086b00000, 0x0000000086b00000, 0x0000000086c00000|  0%| F|  |TAMS 0x0000000086b00000, 0x0000000086b00000| Untracked 
|  70|0x0000000086c00000, 0x0000000086c00000, 0x0000000086d00000|  0%| F|  |TAMS 0x0000000086c00000, 0x0000000086c00000| Untracked 
|  71|0x0000000086d00000, 0x0000000086d00000, 0x0000000086e00000|  0%| F|  |TAMS 0x0000000086d00000, 0x0000000086d00000| Untracked 
|  72|0x0000000086e00000, 0x0000000086e00000, 0x0000000086f00000|  0%| F|  |TAMS 0x0000000086e00000, 0x0000000086e00000| Untracked 
|  73|0x0000000086f00000, 0x0000000086f00000, 0x0000000087000000|  0%| F|  |TAMS 0x0000000086f00000, 0x0000000086f00000| Untracked 
|  74|0x0000000087000000, 0x0000000087000000, 0x0000000087100000|  0%| F|  |TAMS 0x0000000087000000, 0x0000000087000000| Untracked 
|  75|0x0000000087100000, 0x0000000087100000, 0x0000000087200000|  0%| F|  |TAMS 0x0000000087100000, 0x0000000087100000| Untracked 
|  76|0x0000000087200000, 0x0000000087200000, 0x0000000087300000|  0%| F|  |TAMS 0x0000000087200000, 0x0000000087200000| Untracked 
|  77|0x0000000087300000, 0x0000000087300000, 0x0000000087400000|  0%| F|  |TAMS 0x0000000087300000, 0x0000000087300000| Untracked 
|  78|0x0000000087400000, 0x0000000087400000, 0x0000000087500000|  0%| F|  |TAMS 0x0000000087400000, 0x0000000087400000| Untracked 
|  79|0x0000000087500000, 0x0000000087500000, 0x0000000087600000|  0%| F|  |TAMS 0x0000000087500000, 0x0000000087500000| Untracked 
|  80|0x0000000087600000, 0x0000000087600000, 0x0000000087700000|  0%| F|  |TAMS 0x0000000087600000, 0x0000000087600000| Untracked 
|  81|0x0000000087700000, 0x0000000087700000, 0x0000000087800000|  0%| F|  |TAMS 0x0000000087700000, 0x0000000087700000| Untracked 
|  82|0x0000000087800000, 0x0000000087800000, 0x0000000087900000|  0%| F|  |TAMS 0x0000000087800000, 0x0000000087800000| Untracked 
|  83|0x0000000087900000, 0x0000000087900000, 0x0000000087a00000|  0%| F|  |TAMS 0x0000000087900000, 0x0000000087900000| Untracked 
|  84|0x0000000087a00000, 0x0000000087a00000, 0x0000000087b00000|  0%| F|  |TAMS 0x0000000087a00000, 0x0000000087a00000| Untracked 
|  85|0x0000000087b00000, 0x0000000087b00000, 0x0000000087c00000|  0%| F|  |TAMS 0x0000000087b00000, 0x0000000087b00000| Untracked 
|  86|0x0000000087c00000, 0x0000000087c00000, 0x0000000087d00000|  0%| F|  |TAMS 0x0000000087c00000, 0x0000000087c00000| Untracked 
|  87|0x0000000087d00000, 0x0000000087d00000, 0x0000000087e00000|  0%| F|  |TAMS 0x0000000087d00000, 0x0000000087d00000| Untracked 
|  88|0x0000000087e00000, 0x0000000087e00000, 0x0000000087f00000|  0%| F|  |TAMS 0x0000000087e00000, 0x0000000087e00000| Untracked 
|  89|0x0000000087f00000, 0x0000000087f00000, 0x0000000088000000|  0%| F|  |TAMS 0x0000000087f00000, 0x0000000087f00000| Untracked 
|  90|0x0000000088000000, 0x0000000088000000, 0x0000000088100000|  0%| F|  |TAMS 0x0000000088000000, 0x0000000088000000| Untracked 
|  91|0x0000000088100000, 0x0000000088100000, 0x0000000088200000|  0%| F|  |TAMS 0x0000000088100000, 0x0000000088100000| Untracked 
|  92|0x0000000088200000, 0x0000000088200000, 0x0000000088300000|  0%| F|  |TAMS 0x0000000088200000, 0x0000000088200000| Untracked 
|  93|0x0000000088300000, 0x0000000088300000, 0x0000000088400000|  0%| F|  |TAMS 0x0000000088300000, 0x0000000088300000| Untracked 
|  94|0x0000000088400000, 0x0000000088400000, 0x0000000088500000|  0%| F|  |TAMS 0x0000000088400000, 0x0000000088400000| Untracked 
|  95|0x0000000088500000, 0x0000000088500000, 0x0000000088600000|  0%| F|  |TAMS 0x0000000088500000, 0x0000000088500000| Untracked 
|  96|0x0000000088600000, 0x0000000088600000, 0x0000000088700000|  0%| F|  |TAMS 0x0000000088600000, 0x0000000088600000| Untracked 
|  97|0x0000000088700000, 0x0000000088700000, 0x0000000088800000|  0%| F|  |TAMS 0x0000000088700000, 0x0000000088700000| Untracked 
|  98|0x0000000088800000, 0x0000000088800000, 0x0000000088900000|  0%| F|  |TAMS 0x0000000088800000, 0x0000000088800000| Untracked 
|  99|0x0000000088900000, 0x0000000088900000, 0x0000000088a00000|  0%| F|  |TAMS 0x0000000088900000, 0x0000000088900000| Untracked 
| 100|0x0000000088a00000, 0x0000000088a00000, 0x0000000088b00000|  0%| F|  |TAMS 0x0000000088a00000, 0x0000000088a00000| Untracked 
| 101|0x0000000088b00000, 0x0000000088b00000, 0x0000000088c00000|  0%| F|  |TAMS 0x0000000088b00000, 0x0000000088b00000| Untracked 
| 102|0x0000000088c00000, 0x0000000088c00000, 0x0000000088d00000|  0%| F|  |TAMS 0x0000000088c00000, 0x0000000088c00000| Untracked 
| 103|0x0000000088d00000, 0x0000000088d00000, 0x0000000088e00000|  0%| F|  |TAMS 0x0000000088d00000, 0x0000000088d00000| Untracked 
| 104|0x0000000088e00000, 0x0000000088e00000, 0x0000000088f00000|  0%| F|  |TAMS 0x0000000088e00000, 0x0000000088e00000| Untracked 
| 105|0x0000000088f00000, 0x0000000088f00000, 0x0000000089000000|  0%| F|  |TAMS 0x0000000088f00000, 0x0000000088f00000| Untracked 
| 106|0x0000000089000000, 0x0000000089000000, 0x0000000089100000|  0%| F|  |TAMS 0x0000000089000000, 0x0000000089000000| Untracked 
| 107|0x0000000089100000, 0x0000000089100000, 0x0000000089200000|  0%| F|  |TAMS 0x0000000089100000, 0x0000000089100000| Untracked 
| 108|0x0000000089200000, 0x0000000089200000, 0x0000000089300000|  0%| F|  |TAMS 0x0000000089200000, 0x0000000089200000| Untracked 
| 109|0x0000000089300000, 0x0000000089300000, 0x0000000089400000|  0%| F|  |TAMS 0x0000000089300000, 0x0000000089300000| Untracked 
| 110|0x0000000089400000, 0x0000000089400000, 0x0000000089500000|  0%| F|  |TAMS 0x0000000089400000, 0x0000000089400000| Untracked 
| 111|0x0000000089500000, 0x00000000895f6ae8, 0x0000000089600000| 96%| E|  |TAMS 0x0000000089500000, 0x0000000089500000| Complete 
| 112|0x0000000089600000, 0x0000000089700000, 0x0000000089700000|100%| E|CS|TAMS 0x0000000089600000, 0x0000000089600000| Complete 
| 113|0x0000000089700000, 0x0000000089800000, 0x0000000089800000|100%| E|CS|TAMS 0x0000000089700000, 0x0000000089700000| Complete 
| 114|0x0000000089800000, 0x0000000089900000, 0x0000000089900000|100%| E|CS|TAMS 0x0000000089800000, 0x0000000089800000| Complete 
| 115|0x0000000089900000, 0x0000000089a00000, 0x0000000089a00000|100%| E|CS|TAMS 0x0000000089900000, 0x0000000089900000| Complete 
| 116|0x0000000089a00000, 0x0000000089b00000, 0x0000000089b00000|100%| E|CS|TAMS 0x0000000089a00000, 0x0000000089a00000| Complete 
| 117|0x0000000089b00000, 0x0000000089c00000, 0x0000000089c00000|100%| E|  |TAMS 0x0000000089b00000, 0x0000000089b00000| Complete 
| 118|0x0000000089c00000, 0x0000000089d00000, 0x0000000089d00000|100%| E|CS|TAMS 0x0000000089c00000, 0x0000000089c00000| Complete 
| 119|0x0000000089d00000, 0x0000000089e00000, 0x0000000089e00000|100%| E|CS|TAMS 0x0000000089d00000, 0x0000000089d00000| Complete 
| 120|0x0000000089e00000, 0x0000000089f00000, 0x0000000089f00000|100%| E|CS|TAMS 0x0000000089e00000, 0x0000000089e00000| Complete 
| 121|0x0000000089f00000, 0x000000008a000000, 0x000000008a000000|100%| E|CS|TAMS 0x0000000089f00000, 0x0000000089f00000| Complete 
| 122|0x000000008a000000, 0x000000008a100000, 0x000000008a100000|100%| E|CS|TAMS 0x000000008a000000, 0x000000008a000000| Complete 
| 123|0x000000008a100000, 0x000000008a200000, 0x000000008a200000|100%| E|CS|TAMS 0x000000008a100000, 0x000000008a100000| Complete 
| 124|0x000000008a200000, 0x000000008a300000, 0x000000008a300000|100%| E|CS|TAMS 0x000000008a200000, 0x000000008a200000| Complete 
| 125|0x000000008a300000, 0x000000008a400000, 0x000000008a400000|100%| E|CS|TAMS 0x000000008a300000, 0x000000008a300000| Complete 

Card table byte_map: [0x000001c27c620000,0x000001c27ca10000] _byte_map_base: 0x000001c27c20d000

Marking Bits (Prev, Next): (CMBitMap*) 0x000001c265778e70, (CMBitMap*) 0x000001c265778eb0
 Prev Bits: [0x000001c27ce00000, 0x000001c27ed68000)
 Next Bits: [0x000001c200000000, 0x000001c201f68000)

Polling page: 0x000001c263670000

Metaspace:

Usage:
  Non-class:      2.54 MB used.
      Class:    283.37 KB used.
       Both:      2.81 MB used.

Virtual space:
  Non-class space:        8.00 MB reserved,       2.62 MB ( 33%) committed,  1 nodes.
      Class space:        1.00 GB reserved,     384.00 KB ( <1%) committed,  1 nodes.
             Both:        1.01 GB reserved,       3.00 MB ( <1%) committed. 

Chunk freelists:
   Non-Class:  3.04 MB
       Class:  3.60 MB
        Both:  6.64 MB

MaxMetaspaceSize: unlimited
CompressedClassSpaceSize: 1.00 GB
Initial GC threshold: 21.00 MB
Current GC threshold: 21.00 MB
CDS: on
MetaspaceReclaimPolicy: balanced
 - commit_granule_bytes: 65536.
 - commit_granule_words: 8192.
 - virtual_space_node_default_size: 1048576.
 - enlarge_chunks_in_place: 1.
 - new_chunks_are_fully_committed: 0.
 - uncommit_free_chunks: 1.
 - use_allocation_guard: 0.
 - handle_deallocations: 1.


Internal statistics:

num_allocs_failed_limit: 0.
num_arena_births: 54.
num_arena_deaths: 0.
num_vsnodes_births: 2.
num_vsnodes_deaths: 0.
num_space_committed: 48.
num_space_uncommitted: 0.
num_chunks_returned_to_freelist: 0.
num_chunks_taken_from_freelist: 112.
num_chunk_merges: 0.
num_chunk_splits: 68.
num_chunks_enlarged: 51.
num_purges: 0.
num_inconsistent_stats: 0.

CodeHeap 'non-profiled nmethods': size=120000Kb used=254Kb max_used=254Kb free=119745Kb
 bounds [0x000001c2749d0000, 0x000001c274c40000, 0x000001c27bf00000]
CodeHeap 'profiled nmethods': size=120000Kb used=1144Kb max_used=1144Kb free=118855Kb
 bounds [0x000001c26d4a0000, 0x000001c26d710000, 0x000001c2749d0000]
CodeHeap 'non-nmethods': size=5760Kb used=1139Kb max_used=1171Kb free=4620Kb
 bounds [0x000001c26cf00000, 0x000001c26d170000, 0x000001c26d4a0000]
 total_blobs=1117 nmethods=692 adapters=338
 compilation: enabled
              stopped_count=0, restarted_count=0
 full_count=0

Compilation events (20 events):
Event: 0.783 Thread 0x000001c263357ae0 nmethod 681 0x000001c26d5bb610 code [0x000001c26d5bb7a0, 0x000001c26d5bb918]
Event: 0.783 Thread 0x000001c263357ae0  685       3       java.lang.invoke.MethodType$ConcurrentWeakInternSet$WeakEntry::<init> (15 bytes)
Event: 0.783 Thread 0x000001c263357ae0 nmethod 685 0x000001c26d5bb990 code [0x000001c26d5bbb60, 0x000001c26d5bbf68]
Event: 0.783 Thread 0x000001c263357ae0  688       3       java.lang.invoke.LambdaForm$NamedFunction::methodType (23 bytes)
Event: 0.784 Thread 0x000001c263357ae0 nmethod 688 0x000001c26d5bc090 code [0x000001c26d5bc240, 0x000001c26d5bc488]
Event: 0.784 Thread 0x000001c263357ae0  689       3       java.lang.String::newStringUTF8NoRepl (276 bytes)
Event: 0.786 Thread 0x000001c263357ae0 nmethod 689 0x000001c26d5bc590 code [0x000001c26d5bc840, 0x000001c26d5bd808]
Event: 0.786 Thread 0x000001c263357ae0  690       3       java.lang.reflect.Modifier::isPublic (12 bytes)
Event: 0.786 Thread 0x000001c263357ae0 nmethod 690 0x000001c26d5bdd10 code [0x000001c26d5bdea0, 0x000001c26d5bdff8]
Event: 0.786 Thread 0x000001c263357ae0  692       1       java.lang.invoke.MethodTypeForm::basicType (5 bytes)
Event: 0.786 Thread 0x000001c263357ae0 nmethod 692 0x000001c274a0de10 code [0x000001c274a0dfa0, 0x000001c274a0e078]
Event: 0.787 Thread 0x000001c263357ae0  695       3       java.net.URLStreamHandler::parseURL (1201 bytes)
Event: 0.796 Thread 0x000001c263355260 nmethod 618 0x000001c274a0e510 code [0x000001c274a0e6a0, 0x000001c274a0ec18]
Event: 0.797 Thread 0x000001c263355260  475       4       java.util.Objects::requireNonNull (14 bytes)
Event: 0.797 Thread 0x000001c263355260 nmethod 475 0x000001c274a0ef10 code [0x000001c274a0f080, 0x000001c274a0f0f8]
Event: 0.797 Thread 0x000001c263355260  539       4       java.lang.String::indexOf (29 bytes)
Event: 0.799 Thread 0x000001c263355260 nmethod 539 0x000001c274a0f210 code [0x000001c274a0f3a0, 0x000001c274a0f5b8]
Event: 0.799 Thread 0x000001c263355260  649       4       jdk.internal.org.objectweb.asm.SymbolTable::get (13 bytes)
Event: 0.800 Thread 0x000001c263355260 nmethod 649 0x000001c274a0f710 code [0x000001c274a0f880, 0x000001c274a0f958]
Event: 0.800 Thread 0x000001c263355260  699       4       java.util.Arrays::copyOfRange (64 bytes)

GC Heap History (0 events):
No events

Deoptimization events (20 events):
Event: 0.513 Thread 0x000001c26573afb0 DEOPT PACKING pc=0x000001c2749d1cdc sp=0x000000373f4fe340
Event: 0.513 Thread 0x000001c26573afb0 DEOPT UNPACKING pc=0x000001c26cf523a3 sp=0x000000373f4fe2d0 mode 2
Event: 0.513 Thread 0x000001c26573afb0 Uncommon trap: trap_request=0xffffff45 fr.pc=0x000001c2749d1378 relative=0x0000000000000078
Event: 0.513 Thread 0x000001c26573afb0 Uncommon trap: reason=unstable_if action=reinterpret pc=0x000001c2749d1378 method=java.lang.String.isLatin1()Z @ 10 c2
Event: 0.513 Thread 0x000001c26573afb0 DEOPT PACKING pc=0x000001c2749d1378 sp=0x000000373f4fed30
Event: 0.513 Thread 0x000001c26573afb0 DEOPT UNPACKING pc=0x000001c26cf523a3 sp=0x000000373f4fec70 mode 2
Event: 0.579 Thread 0x000001c26573afb0 Uncommon trap: trap_request=0xffffff45 fr.pc=0x000001c2749e6ae4 relative=0x0000000000000064
Event: 0.579 Thread 0x000001c26573afb0 Uncommon trap: reason=unstable_if action=reinterpret pc=0x000001c2749e6ae4 method=java.io.WinNTFileSystem.isSlash(C)Z @ 9 c2
Event: 0.579 Thread 0x000001c26573afb0 DEOPT PACKING pc=0x000001c2749e6ae4 sp=0x000000373f4fda30
Event: 0.579 Thread 0x000001c26573afb0 DEOPT UNPACKING pc=0x000001c26cf523a3 sp=0x000000373f4fd9b8 mode 2
Event: 0.582 Thread 0x000001c26573afb0 DEOPT PACKING pc=0x000001c26d4fec34 sp=0x000000373f4fceb0
Event: 0.582 Thread 0x000001c26573afb0 DEOPT UNPACKING pc=0x000001c26cf52b43 sp=0x000000373f4fc360 mode 0
Event: 0.583 Thread 0x000001c26573afb0 DEOPT PACKING pc=0x000001c26d4e5956 sp=0x000000373f4f9740
Event: 0.583 Thread 0x000001c26573afb0 DEOPT UNPACKING pc=0x000001c26cf52b43 sp=0x000000373f4f8be0 mode 0
Event: 0.641 Thread 0x000001c26573afb0 Uncommon trap: trap_request=0xffffff45 fr.pc=0x000001c2749f7a5c relative=0x000000000000023c
Event: 0.641 Thread 0x000001c26573afb0 Uncommon trap: reason=unstable_if action=reinterpret pc=0x000001c2749f7a5c method=java.lang.String.startsWith(Ljava/lang/String;I)Z @ 14 c2
Event: 0.641 Thread 0x000001c26573afb0 DEOPT PACKING pc=0x000001c2749f7a5c sp=0x000000373f4fc070
Event: 0.641 Thread 0x000001c26573afb0 DEOPT UNPACKING pc=0x000001c26cf523a3 sp=0x000000373f4fbfd0 mode 2
Event: 0.670 Thread 0x000001c26573afb0 DEOPT PACKING pc=0x000001c26d513de5 sp=0x000000373f4fb6b0
Event: 0.670 Thread 0x000001c26573afb0 DEOPT UNPACKING pc=0x000001c26cf52b43 sp=0x000000373f4fab00 mode 0

Classes unloaded (0 events):
No events

Classes redefined (0 events):
No events

Internal exceptions (5 events):
Event: 0.518 Thread 0x000001c27f38f460 Exception <a 'java/lang/NoSuchMethodError'{0x0000000089cfe948}: 'java.lang.Object java.lang.invoke.DirectMethodHandle$Holder.invokeStaticInit(java.lang.Object)'> (0x0000000089cfe948) 
thrown [t:\workspace\open\src\hotspot\share\interpreter\linkResolver.cpp, line 766]
Event: 0.529 Thread 0x000001c27f38f460 Exception <a 'java/lang/NoSuchMethodError'{0x0000000089b18218}: 'void java.lang.invoke.DirectMethodHandle$Holder.invokeStatic(java.lang.Object, java.lang.Object)'> (0x0000000089b18218) 
thrown [t:\workspace\open\src\hotspot\share\interpreter\linkResolver.cpp, line 766]
Event: 0.643 Thread 0x000001c26573afb0 Exception <a 'java/lang/ClassNotFoundException'{0x00000000899c0d78}: javax/smartcardio/CardPermission> (0x00000000899c0d78) 
thrown [t:\workspace\open\src\hotspot\share\classfile\systemDictionary.cpp, line 256]
Event: 0.648 Thread 0x000001c26573afb0 Exception <a 'java/io/FileNotFoundException'{0x00000000899cf2a0}> (0x00000000899cf2a0) 
thrown [t:\workspace\open\src\hotspot\share\prims\jni.cpp, line 516]
Event: 0.773 Thread 0x000001c26573afb0 Exception <a 'java/lang/NoSuchMethodError'{0x00000000896e8170}: 'void java.lang.invoke.DirectMethodHandle$Holder.invokeStatic(java.lang.Object, java.lang.Object, java.lang.Object, java.lang.Object)'> (0x00000000896e8170) 
thrown [t:\workspace\open\src\hotspot\share\interpreter\linkResolver.cpp, line 766]

VM Operations (10 events):
Event: 0.198 Executing VM operation: HandshakeAllThreads
Event: 0.198 Executing VM operation: HandshakeAllThreads done
Event: 0.516 Executing VM operation: HandshakeAllThreads
Event: 0.516 Executing VM operation: HandshakeAllThreads done
Event: 0.571 Executing VM operation: HandshakeAllThreads
Event: 0.571 Executing VM operation: HandshakeAllThreads done
Event: 0.579 Executing VM operation: HandshakeAllThreads
Event: 0.579 Executing VM operation: HandshakeAllThreads done
Event: 0.714 Executing VM operation: HandshakeAllThreads
Event: 0.714 Executing VM operation: HandshakeAllThreads done

Events (20 events):
Event: 0.752 loading class java/util/IdentityHashMap$EntryIterator$Entry
Event: 0.752 loading class java/util/IdentityHashMap$EntryIterator$Entry done
Event: 0.752 loading class java/util/IdentityHashMap$ValueIterator
Event: 0.753 loading class java/util/IdentityHashMap$ValueIterator done
Event: 0.791 loading class java/net/URISyntaxException
Event: 0.791 loading class java/net/URISyntaxException done
Event: 0.791 loading class java/nio/file/NoSuchFileException
Event: 0.791 loading class java/nio/file/FileSystemException
Event: 0.791 loading class java/nio/file/FileSystemException done
Event: 0.791 loading class java/nio/file/NoSuchFileException done
Event: 0.792 loading class java/io/UncheckedIOException
Event: 0.792 loading class java/io/UncheckedIOException done
Event: 0.795 loading class java/net/HttpURLConnection
Event: 0.795 loading class java/net/HttpURLConnection done
Event: 0.799 loading class java/net/URLDecoder
Event: 0.799 loading class java/net/URLDecoder done
Event: 0.799 loading class java/net/URLEncoder
Event: 0.799 loading class java/net/URLEncoder done
Event: 0.799 loading class java/util/BitSet
Event: 0.799 loading class java/util/BitSet done


Dynamic libraries:
0x00007ff681b80000 - 0x00007ff681b90000 	C:\Program Files\Java\jdk-17\bin\java.exe
0x00007ffc52310000 - 0x00007ffc52508000 	C:\Windows\SYSTEM32\ntdll.dll
0x00007ffc50c30000 - 0x00007ffc50cef000 	C:\Windows\System32\KERNEL32.DLL
0x00007ffc4fba0000 - 0x00007ffc4fe72000 	C:\Windows\System32\KERNELBASE.dll
0x00007ffc50190000 - 0x00007ffc50290000 	C:\Windows\System32\ucrtbase.dll
0x00007ffc230c0000 - 0x00007ffc230d8000 	C:\Program Files\Java\jdk-17\bin\jli.dll
0x00007ffc52220000 - 0x00007ffc522ce000 	C:\Windows\System32\ADVAPI32.dll
0x00007ffc52180000 - 0x00007ffc5221e000 	C:\Windows\System32\msvcrt.dll
0x00007ffc504b0000 - 0x00007ffc5054c000 	C:\Windows\System32\sechost.dll
0x00007ffc50af0000 - 0x00007ffc50c15000 	C:\Windows\System32\RPCRT4.dll
0x00007ffc51780000 - 0x00007ffc5191d000 	C:\Windows\System32\USER32.dll
0x00007ffc4fb20000 - 0x00007ffc4fb42000 	C:\Windows\System32\win32u.dll
0x00007ffc51750000 - 0x00007ffc5177b000 	C:\Windows\System32\GDI32.dll
0x00007ffc4fa10000 - 0x00007ffc4fb1f000 	C:\Windows\System32\gdi32full.dll
0x00007ffc502c0000 - 0x00007ffc5035d000 	C:\Windows\System32\msvcp_win.dll
0x00007ffc230a0000 - 0x00007ffc230ba000 	C:\Program Files\Java\jdk-17\bin\VCRUNTIME140.dll
0x00007ffc34bb0000 - 0x00007ffc34e4a000 	C:\Windows\WinSxS\amd64_microsoft.windows.common-controls_6595b64144ccf1df_6.0.19041.1110_none_60b5254171f9507e\COMCTL32.dll
0x00007ffc48df0000 - 0x00007ffc48dfa000 	C:\Windows\SYSTEM32\VERSION.dll
0x00007ffc503c0000 - 0x00007ffc503f2000 	C:\Windows\System32\IMM32.DLL
0x00007ffc247b0000 - 0x00007ffc24908000 	C:\Program Files (x86)\Citrix\ICA Client\epclient64.dll
0x00007ffc50290000 - 0x00007ffc502b7000 	C:\Windows\System32\bcrypt.dll
0x00007ffc51a60000 - 0x00007ffc51db4000 	C:\Windows\System32\combase.dll
0x00007ffc4eb60000 - 0x00007ffc4eb93000 	C:\Windows\SYSTEM32\ntmarta.dll
0x00007ffc4e220000 - 0x00007ffc4e232000 	C:\Windows\SYSTEM32\kernel.appcore.dll
0x00007ffc50100000 - 0x00007ffc50182000 	C:\Windows\System32\bcryptprimitives.dll
0x00007ffc23090000 - 0x00007ffc2309c000 	C:\Program Files\Java\jdk-17\bin\vcruntime140_1.dll
0x00007ffc23000000 - 0x00007ffc2308d000 	C:\Program Files\Java\jdk-17\bin\msvcp140.dll
0x00007ffc22440000 - 0x00007ffc22ffe000 	C:\Program Files\Java\jdk-17\bin\server\jvm.dll
0x00007ffc509c0000 - 0x00007ffc509c8000 	C:\Windows\System32\PSAPI.DLL
0x00007ffc25ba0000 - 0x00007ffc25ba9000 	C:\Windows\SYSTEM32\WSOCK32.dll
0x000001c264e60000 - 0x000001c264ecb000 	C:\Windows\System32\WS2_32.dll
0x00007ffc33dd0000 - 0x00007ffc33df7000 	C:\Windows\SYSTEM32\WINMM.dll
0x00007ffc223d0000 - 0x00007ffc223da000 	C:\Program Files\Java\jdk-17\bin\jimage.dll
0x00007ffc4d620000 - 0x00007ffc4d804000 	C:\Windows\SYSTEM32\DBGHELP.DLL
0x00007ffc2d740000 - 0x00007ffc2d76c000 	C:\Windows\SYSTEM32\dbgcore.DLL
0x00007ffc4b130000 - 0x00007ffc4b13e000 	C:\Program Files\Java\jdk-17\bin\instrument.dll
0x00007ffc223a0000 - 0x00007ffc223c5000 	C:\Program Files\Java\jdk-17\bin\java.dll
0x00007ffc222c0000 - 0x00007ffc22396000 	C:\Program Files\Java\jdk-17\bin\svml.dll
0x00007ffc50fa0000 - 0x00007ffc516e3000 	C:\Windows\System32\SHELL32.dll
0x00007ffc4da70000 - 0x00007ffc4e202000 	C:\Windows\SYSTEM32\windows.storage.dll
0x00007ffc4f470000 - 0x00007ffc4f4a0000 	C:\Windows\SYSTEM32\Wldp.dll
0x00007ffc51fa0000 - 0x00007ffc5204d000 	C:\Windows\System32\SHCORE.dll
0x00007ffc516f0000 - 0x00007ffc51745000 	C:\Windows\System32\shlwapi.dll
0x00007ffc4f950000 - 0x00007ffc4f96f000 	C:\Windows\SYSTEM32\profapi.dll
0x00007ffc21e00000 - 0x00007ffc21e18000 	C:\Program Files\Java\jdk-17\bin\zip.dll
0x00007ffc21e60000 - 0x00007ffc21e79000 	C:\Program Files\Java\jdk-17\bin\net.dll
0x00007ffc3bdd0000 - 0x00007ffc3bedc000 	C:\Windows\SYSTEM32\WINHTTP.dll
0x00007ffc4f180000 - 0x00007ffc4f1ea000 	C:\Windows\system32\mswsock.dll
0x00007ffc21db0000 - 0x00007ffc21dc5000 	C:\Program Files\Java\jdk-17\bin\nio.dll
0x00007ffc4a270000 - 0x00007ffc4a28a000 	C:\Program Files\JetBrains\IntelliJ IDEA Educational Edition 2021.3.3\bin\breakgen64.dll

dbghelp: loaded successfully - version: 4.0.5 - missing functions: none
symbol engine: initialized successfully - sym options: 0x614 - pdb path: .;C:\Program Files\Java\jdk-17\bin;C:\Windows\SYSTEM32;C:\Windows\WinSxS\amd64_microsoft.windows.common-controls_6595b64144ccf1df_6.0.19041.1110_none_60b5254171f9507e;C:\Program Files (x86)\Citrix\ICA Client;C:\Program Files\Java\jdk-17\bin\server;C:\Program Files\JetBrains\IntelliJ IDEA Educational Edition 2021.3.3\bin

VM Arguments:
jvm_args: -javaagent:C:\Program Files\JetBrains\IntelliJ IDEA Educational Edition 2021.3.3\lib\idea_rt.jar=58527:C:\Program Files\JetBrains\IntelliJ IDEA Educational Edition 2021.3.3\bin -Dfile.encoding=UTF-8 
java_command: com.project.AtDevAssignmentApplication
java_class_path (initial): C:\Program Files\Java\jdk1.8.0_202\jre\lib\charsets.jar;C:\Program Files\Java\jdk1.8.0_202\jre\lib\deploy.jar;C:\Program Files\Java\jdk1.8.0_202\jre\lib\ext\access-bridge-64.jar;C:\Program Files\Java\jdk1.8.0_202\jre\lib\ext\cldrdata.jar;C:\Program Files\Java\jdk1.8.0_202\jre\lib\ext\dnsns.jar;C:\Program Files\Java\jdk1.8.0_202\jre\lib\ext\jaccess.jar;C:\Program Files\Java\jdk1.8.0_202\jre\lib\ext\jfxrt.jar;C:\Program Files\Java\jdk1.8.0_202\jre\lib\ext\localedata.jar;C:\Program Files\Java\jdk1.8.0_202\jre\lib\ext\nashorn.jar;C:\Program Files\Java\jdk1.8.0_202\jre\lib\ext\sunec.jar;C:\Program Files\Java\jdk1.8.0_202\jre\lib\ext\sunjce_provider.jar;C:\Program Files\Java\jdk1.8.0_202\jre\lib\ext\sunmscapi.jar;C:\Program Files\Java\jdk1.8.0_202\jre\lib\ext\sunpkcs11.jar;C:\Program Files\Java\jdk1.8.0_202\jre\lib\ext\zipfs.jar;C:\Program Files\Java\jdk1.8.0_202\jre\lib\javaws.jar;C:\Program Files\Java\jdk1.8.0_202\jre\lib\jce.jar;C:\Program Files\Java\jdk1.8.0_202\jre\lib\jfr.jar;C:\Program Files\Java\jdk1.8.0_202\jre\lib\jfxswt.jar;C:\Program Files\Java\jdk1.8.0_202\jre\lib\jsse.jar;C:\Program Files\Java\jdk1.8.0_202\jre\lib\management-agent.jar;C:\Program Files\Java\jdk1.8.0_202\jre\lib\plugin.jar;C:\Program Files\Java\jdk1.8.0_202\jre\lib\resources.jar;C:\Program Files\Java\jdk1.8.0_202\jre\lib\rt.jar;C:\Users\hp\Documents\project\ATDev_Assignment\ATDev_Assignment\target\classes;C:\Users\hp\.m2\repository\org\springframework\boot\spring-boot-starter-data-jpa\3.0.0\spring-boot-starter-data-jpa-3.0.0.jar;C:\Users\hp\.m2\repository\org\springframework\boot\spring-boot-starter-aop\3.0.0\spring-boot-starter-aop-3.0.0.jar;C:\Users\hp\.m2\repository\org\springframework\spring-aop\6.0.2\spring-aop-6.0.2.jar;C:\Users\hp\.m2\repository\org\aspectj\aspectjweaver\1.9.9.1\aspectjweaver-1.9.9.1.jar;C:\Users\hp\.m2\repository\org\springframework\boot\spring-boot-starter-jdbc\3.0.0\spring-boot-starter-jdbc-3.0.0.jar;C:\Users\hp\.m2\repository\com\zaxxer\
Launcher Type: SUN_STANDARD

[Global flags]
     intx CICompilerCount                          = 4                                         {product} {ergonomic}
     uint ConcGCThreads                            = 2                                         {product} {ergonomic}
     uint G1ConcRefinementThreads                  = 8                                         {product} {ergonomic}
   size_t G1HeapRegionSize                         = 1048576                                   {product} {ergonomic}
    uintx GCDrainStackTargetSize                   = 64                                        {product} {ergonomic}
   size_t InitialHeapSize                          = 132120576                                 {product} {ergonomic}
   size_t MarkStackSize                            = 4194304                                   {product} {ergonomic}
   size_t MaxHeapSize                              = 2107637760                                {product} {ergonomic}
   size_t MaxNewSize                               = 1264582656                                {product} {ergonomic}
   size_t MinHeapDeltaBytes                        = 1048576                                   {product} {ergonomic}
   size_t MinHeapSize                              = 8388608                                   {product} {ergonomic}
    uintx NonNMethodCodeHeapSize                   = 5839372                                {pd product} {ergonomic}
    uintx NonProfiledCodeHeapSize                  = 122909434                              {pd product} {ergonomic}
    uintx ProfiledCodeHeapSize                     = 122909434                              {pd product} {ergonomic}
    uintx ReservedCodeCacheSize                    = 251658240                              {pd product} {ergonomic}
     bool SegmentedCodeCache                       = true                                      {product} {ergonomic}
   size_t SoftMaxHeapSize                          = 2107637760                             {manageable} {ergonomic}
     bool UseCompressedClassPointers               = true                           {product lp64_product} {ergonomic}
     bool UseCompressedOops                        = true                           {product lp64_product} {ergonomic}
     bool UseG1GC                                  = true                                      {product} {ergonomic}
     bool UseLargePagesIndividualAllocation        = false                                  {pd product} {ergonomic}

Logging:
Log output configuration:
 #0: stdout all=warning uptime,level,tags
 #1: stderr all=off uptime,level,tags

Environment Variables:
JAVA_HOME=C:\Program Files\Java\jdk-17
PATH=C:\Program Files (x86)\Common Files\Oracle\Java\javapath;C:\Python310\Scripts\;C:\Python310\;C:\Program Files\Common Files\Oracle\Java\javapath;C:\Windows\system32;C:\Windows;C:\Windows\System32\Wbem;C:\Windows\System32\WindowsPowerShell\v1.0\;C:\Windows\System32\OpenSSH\;C:\Program Files\Java\jdk-17\bin;C:\Program Files\Maven\apache-maven-3.8.6\bin;C:\Program Files (x86)\Microsoft SQL Server\150\DTS\Binn\;C:\Program Files\Azure Data Studio\bin;C:\Program Files\Git\cmd;C:\Program Files\Microsoft SQL Server\Client SDK\ODBC\170\Tools\Binn\;C:\Program Files (x86)\Microsoft SQL Server\150\Tools\Binn\;C:\Program Files\Microsoft SQL Server\150\Tools\Binn\;C:\Program Files\Microsoft SQL Server\150\DTS\Binn\;C:\Program Files\nodejs\;C:\ProgramData\chocolatey\bin;C:\Program Files\PuTTY\;C:\Program Files\Docker\Docker\resources\bin;C:\ProgramData\DockerDesktop\version-bin;C:\Program Files\MySQL\MySQL Shell 8.0\bin\;C:\Users\hp\AppData\Local\Microsoft\WindowsApps;;C:\Program Files\JetBrains\IntelliJ IDEA Educational Edition 2021.3.3\bin;;C:\Program Files\Azure Data Studio\bin;C:\Users\hp\AppData\Local\Programs\Microsoft VS Code\bin;C:\Users\hp\AppData\Roaming\npm
USERNAME=hp
OS=Windows_NT
PROCESSOR_IDENTIFIER=Intel64 Family 6 Model 158 Stepping 10, GenuineIntel



---------------  S Y S T E M  ---------------

OS:
 Windows 10 , 64 bit Build 19041 (10.0.19041.2251)
OS uptime: 6 days 19:13 hours
Hyper-V role detected

CPU: total 8 (initial active 8) (4 cores per cpu, 2 threads per core) family 6 model 158 stepping 10 microcode 0xd6, cx8, cmov, fxsr, ht, mmx, 3dnowpref, sse, sse2, sse3, ssse3, sse4.1, sse4.2, popcnt, lzcnt, tsc, tscinvbit, avx, avx2, aes, erms, clmul, bmi1, bmi2, adx, fma, vzeroupper, clflush, clflushopt, hv

Memory: 4k page, system-wide physical 8033M (410M free)
TotalPageFile size 22745M (AvailPageFile size 3M)
current process WorkingSet (physical memory assigned to process): 68M, peak: 68M
current process commit charge ("private bytes"): 227M, peak: 227M

vm_info: Java HotSpot(TM) 64-Bit Server VM (17+35-LTS-2724) for windows-amd64 JRE (17+35-LTS-2724), built on Aug  5 2021 23:28:28 by "mach5one" with MS VC++ 16.8 (VS2019)

END.
